Using pre-set license
Built from '2021.3/staging' branch; Version is '2021.3.5f1 (40eb3a945986) revision 4254522'; Using compiler version '192829333'; Build Type 'Release'
OS: 'Windows 10  (10.0.19044) 64bit Professional' Language: 'ko' Physical Memory: 65460 MB
BatchMode: 1, IsHumanControllingUs: 0, StartBugReporterOnCrash: 0, Is64bit: 1, IsPro: 1

COMMAND LINE ARGUMENTS:
C:\Program Files\Unity\Hub\Editor\2021.3.5f1\Editor\Unity.exe
-adb2
-batchMode
-noUpm
-name
AssetImportWorker4
-projectPath
C:/Users/jiwon/Documents/GitHub/Bezier_Curves/Bezier_Curves
-logFile
Logs/AssetImportWorker4.log
-srvPort
65440
Successfully changed project path to: C:/Users/jiwon/Documents/GitHub/Bezier_Curves/Bezier_Curves
C:/Users/jiwon/Documents/GitHub/Bezier_Curves/Bezier_Curves
[UnityMemory] Configuration Parameters - Can be set up in boot.config
    "memorysetup-bucket-allocator-granularity=16"
    "memorysetup-bucket-allocator-bucket-count=8"
    "memorysetup-bucket-allocator-block-size=33554432"
    "memorysetup-bucket-allocator-block-count=8"
    "memorysetup-main-allocator-block-size=16777216"
    "memorysetup-thread-allocator-block-size=16777216"
    "memorysetup-gfx-main-allocator-block-size=16777216"
    "memorysetup-gfx-thread-allocator-block-size=16777216"
    "memorysetup-cache-allocator-block-size=4194304"
    "memorysetup-typetree-allocator-block-size=2097152"
    "memorysetup-profiler-bucket-allocator-granularity=16"
    "memorysetup-profiler-bucket-allocator-bucket-count=8"
    "memorysetup-profiler-bucket-allocator-block-size=33554432"
    "memorysetup-profiler-bucket-allocator-block-count=8"
    "memorysetup-profiler-allocator-block-size=16777216"
    "memorysetup-profiler-editor-allocator-block-size=1048576"
    "memorysetup-temp-allocator-size-main=16777216"
    "memorysetup-job-temp-allocator-block-size=2097152"
    "memorysetup-job-temp-allocator-block-size-background=1048576"
    "memorysetup-job-temp-allocator-reduction-small-platforms=262144"
    "memorysetup-temp-allocator-size-background-worker=32768"
    "memorysetup-temp-allocator-size-job-worker=262144"
    "memorysetup-temp-allocator-size-preload-manager=33554432"
    "memorysetup-temp-allocator-size-nav-mesh-worker=65536"
    "memorysetup-temp-allocator-size-audio-worker=65536"
    "memorysetup-temp-allocator-size-cloud-worker=32768"
    "memorysetup-temp-allocator-size-gi-baking-worker=262144"
    "memorysetup-temp-allocator-size-gfx=262144"
Refreshing native plugins compatible for Editor in 65.45 ms, found 3 plugins.
Preloading 0 native plugins for Editor in 0.00 ms.
Initialize engine version: 2021.3.5f1 (40eb3a945986)
[Subsystems] Discovering subsystems at path C:/Program Files/Unity/Hub/Editor/2021.3.5f1/Editor/Data/Resources/UnitySubsystems
[Subsystems] Discovering subsystems at path C:/Users/jiwon/Documents/GitHub/Bezier_Curves/Bezier_Curves/Assets
GfxDevice: creating device client; threaded=0; jobified=0
Direct3D:
    Version:  Direct3D 11.0 [level 11.1]
    Renderer: NVIDIA GeForce RTX 3090 (ID=0x2204)
    Vendor:   NVIDIA
    VRAM:     24348 MB
    Driver:   31.0.15.1694
Initialize mono
Mono path[0] = 'C:/Program Files/Unity/Hub/Editor/2021.3.5f1/Editor/Data/Managed'
Mono path[1] = 'C:/Program Files/Unity/Hub/Editor/2021.3.5f1/Editor/Data/MonoBleedingEdge/lib/mono/unityjit-win32'
Mono config path = 'C:/Program Files/Unity/Hub/Editor/2021.3.5f1/Editor/Data/MonoBleedingEdge/etc'
Using monoOptions --debugger-agent=transport=dt_socket,embedding=1,server=y,suspend=n,address=127.0.0.1:56448
Begin MonoManager ReloadAssembly
Registering precompiled unity dll's ...
Register platform support module: C:/Program Files/Unity/Hub/Editor/2021.3.5f1/Editor/Data/PlaybackEngines/WebGLSupport/UnityEditor.WebGL.Extensions.dll
Register platform support module: C:/Program Files/Unity/Hub/Editor/2021.3.5f1/Editor/Data/PlaybackEngines/WindowsStandaloneSupport/UnityEditor.WindowsStandalone.Extensions.dll
Register platform support module: C:/Program Files/Unity/Hub/Editor/2021.3.5f1/Editor/Data/PlaybackEngines/MetroSupport/UnityEditor.UWP.Extensions.dll
Registered in 0.008823 seconds.
Native extension for UWP target not found
Native extension for WindowsStandalone target not found
Native extension for WebGL target not found
Refreshing native plugins compatible for Editor in 59.19 ms, found 3 plugins.
Preloading 0 native plugins for Editor in 0.00 ms.
Mono: successfully reloaded assembly
- Completed reload, in  0.479 seconds
Domain Reload Profiling:
	ReloadAssembly (480ms)
		BeginReloadAssembly (64ms)
			ExecutionOrderSort (0ms)
			DisableScriptedObjects (0ms)
			BackupInstance (0ms)
			ReleaseScriptingObjects (0ms)
			CreateAndSetChildDomain (1ms)
		EndReloadAssembly (329ms)
			LoadAssemblies (62ms)
			RebuildTransferFunctionScriptingTraits (0ms)
			SetupTypeCache (71ms)
			ReleaseScriptCaches (0ms)
			RebuildScriptCaches (22ms)
			SetupLoadedEditorAssemblies (196ms)
				LogAssemblyErrors (0ms)
				InitializePlatformSupportModulesInManaged (9ms)
				SetLoadedEditorAssemblies (0ms)
				RefreshPlugins (59ms)
				BeforeProcessingInitializeOnLoad (1ms)
				ProcessInitializeOnLoadAttributes (93ms)
				ProcessInitializeOnLoadMethodAttributes (33ms)
				AfterProcessingInitializeOnLoad (0ms)
				EditorAssembliesLoaded (0ms)
			ExecutionOrderSort2 (0ms)
			AwakeInstancesAfterBackupRestoration (0ms)
Platform modules already initialized, skipping
Registering precompiled user dll's ...
Registered in 0.006109 seconds.
Begin MonoManager ReloadAssembly
Symbol file LoadedFromMemory doesn't match image C:\Users\jiwon\Documents\GitHub\Bezier_Curves\Bezier_Curves\Library\PackageCache\com.unity.visualscripting@1.7.8\Editor\VisualScripting.Core\Dependencies\YamlDotNet\Unity.VisualScripting.YamlDotNet.dll
Symbol file LoadedFromMemory doesn't match image C:\Users\jiwon\Documents\GitHub\Bezier_Curves\Bezier_Curves\Library\PackageCache\com.unity.visualscripting@1.7.8\Editor\VisualScripting.Core\Dependencies\DotNetZip\Unity.VisualScripting.IonicZip.dll
Native extension for UWP target not found
Native extension for WindowsStandalone target not found
Native extension for WebGL target not found
Refreshing native plugins compatible for Editor in 0.48 ms, found 3 plugins.
Preloading 0 native plugins for Editor in 0.00 ms.
Mono: successfully reloaded assembly
- Completed reload, in  0.781 seconds
Domain Reload Profiling:
	ReloadAssembly (782ms)
		BeginReloadAssembly (94ms)
			ExecutionOrderSort (0ms)
			DisableScriptedObjects (5ms)
			BackupInstance (0ms)
			ReleaseScriptingObjects (0ms)
			CreateAndSetChildDomain (18ms)
		EndReloadAssembly (603ms)
			LoadAssemblies (76ms)
			RebuildTransferFunctionScriptingTraits (0ms)
			SetupTypeCache (176ms)
			ReleaseScriptCaches (0ms)
			RebuildScriptCaches (39ms)
			SetupLoadedEditorAssemblies (289ms)
				LogAssemblyErrors (0ms)
				InitializePlatformSupportModulesInManaged (8ms)
				SetLoadedEditorAssemblies (0ms)
				RefreshPlugins (1ms)
				BeforeProcessingInitializeOnLoad (75ms)
				ProcessInitializeOnLoadAttributes (174ms)
				ProcessInitializeOnLoadMethodAttributes (22ms)
				AfterProcessingInitializeOnLoad (8ms)
				EditorAssembliesLoaded (0ms)
			ExecutionOrderSort2 (0ms)
			AwakeInstancesAfterBackupRestoration (5ms)
Platform modules already initialized, skipping
========================================================================
Worker process is ready to serve import requests
Launched and connected shader compiler UnityShaderCompiler.exe after 0.05 seconds
Refreshing native plugins compatible for Editor in 0.64 ms, found 3 plugins.
Preloading 0 native plugins for Editor in 0.00 ms.
Unloading 3368 Unused Serialized files (Serialized files now loaded: 0)
Unloading 27 unused Assets / (111.4 KB). Loaded Objects now: 3824.
Memory consumption went from 116.1 MB to 116.0 MB.
Total: 2.716200 ms (FindLiveObjects: 0.240500 ms CreateObjectMapping: 0.073300 ms MarkObjects: 2.324800 ms  DeleteObjects: 0.077200 ms)

AssetImportParameters requested are different than current active one (requested -> active):
  custom:video-decoder-ogg-theora: a1e56fd34408186e4bbccfd4996cb3dc -> 
  custom:container-muxer-webm: aa71ff27fc2769a1b78a27578f13a17b -> 
  custom:container-demuxer-webm: 4f35f7cbe854078d1ac9338744f61a02 -> 
  custom:video-encoder-webm-vp8: eb34c28f22e8b96e1ab97ce403110664 -> 
  custom:audio-encoder-webm-vorbis: bf7c407c2cedff20999df2af8eb42d56 -> 
  custom:framework-win-MediaFoundation: 216162199b28c13a410421893ffa2e32 -> 
  custom:container-demuxer-ogg: 62fdf1f143b41e24485cea50d1cbac27 -> 
  custom:video-decoder-webm-vp8: 9c59270c3fd7afecdb556c50c9e8de78 -> 
  custom:audio-decoder-ogg-vorbis: bf7c407c2cedff20999df2af8eb42d56 -> 
========================================================================
Received Import Request.
  Time since last request: 334025.400458 seconds.
  path: Assets/Amumu/Mummy_Mon/Materials
  artifactKey: Guid(3760ed489da40cd4d924f9c16237ce86) Importer(815301076,1909f56bfc062723c751e8b465ee728b)
Start importing Assets/Amumu/Mummy_Mon/Materials using Guid(3760ed489da40cd4d924f9c16237ce86) Importer(815301076,1909f56bfc062723c751e8b465ee728b)  -> (artifact id: 'c0b696dff233b13d18133c506323eaf2') in 0.011624 seconds 
========================================================================
Received Import Request.
  Time since last request: 0.015984 seconds.
  path: Assets/Amumu/Mummy_Mon/Materials/Ground.mat
  artifactKey: Guid(8746c89e6f8a63c4a93816e9b5d4e029) Importer(815301076,1909f56bfc062723c751e8b465ee728b)
Start importing Assets/Amumu/Mummy_Mon/Materials/Ground.mat using Guid(8746c89e6f8a63c4a93816e9b5d4e029) Importer(815301076,1909f56bfc062723c751e8b465ee728b)  -> (artifact id: '70fdbdc55b1fb8a11ecc1f965c55a031') in 0.095576 seconds 
========================================================================
Received Import Request.
  Time since last request: 0.000015 seconds.
  path: Assets/Amumu/Mummy_Mon/Materials/Mummy_mat.mat
  artifactKey: Guid(30a9f5c8ac6483249a92e09c302f96f9) Importer(815301076,1909f56bfc062723c751e8b465ee728b)
Start importing Assets/Amumu/Mummy_Mon/Materials/Mummy_mat.mat using Guid(30a9f5c8ac6483249a92e09c302f96f9) Importer(815301076,1909f56bfc062723c751e8b465ee728b)  -> (artifact id: '03fbb1f61d9eadd90ebf8252f4900ff1') in 0.201815 seconds 
========================================================================
Received Import Request.
  Time since last request: 130.887245 seconds.
  path: Assets/Kaisa/FBX
  artifactKey: Guid(87c8dc577aefbb745b656450d29e0b2f) Importer(815301076,1909f56bfc062723c751e8b465ee728b)
Start importing Assets/Kaisa/FBX using Guid(87c8dc577aefbb745b656450d29e0b2f) Importer(815301076,1909f56bfc062723c751e8b465ee728b)  -> (artifact id: 'a056884c913995dc25fa7d133daf3cb0') in 0.005127 seconds 
========================================================================
Received Import Request.
  Time since last request: 0.793984 seconds.
  path: Assets/Kaisa/FBX/AsunaArmor
  artifactKey: Guid(cdc4f9a4e40d5404abc7b38371ccf3f7) Importer(815301076,1909f56bfc062723c751e8b465ee728b)
Start importing Assets/Kaisa/FBX/AsunaArmor using Guid(cdc4f9a4e40d5404abc7b38371ccf3f7) Importer(815301076,1909f56bfc062723c751e8b465ee728b)  -> (artifact id: '49d9cb0ef10d74c79c7243c23d03d8e7') in 0.019356 seconds 
========================================================================
Received Import Request.
  Time since last request: 0.038190 seconds.
  path: Assets/Kaisa/FBX/AsunaArmor/AsunaArmorEllbowLeft.fbx
  artifactKey: Guid(f871993c88cb2754095ac4f5d01ee14b) Importer(815301076,1909f56bfc062723c751e8b465ee728b)
Start importing Assets/Kaisa/FBX/AsunaArmor/AsunaArmorEllbowLeft.fbx using Guid(f871993c88cb2754095ac4f5d01ee14b) Importer(815301076,1909f56bfc062723c751e8b465ee728b)  -> (artifact id: 'c33b780b7fbbe8f58a706d89d7cbb03f') in 0.231065 seconds 
========================================================================
Received Import Request.
  Time since last request: 0.000019 seconds.
  path: Assets/Kaisa/FBX/AsunaArmor/AsunaArmorKneeLeft.fbx
  artifactKey: Guid(0fee737c72e968a4fb1710304e558eef) Importer(815301076,1909f56bfc062723c751e8b465ee728b)
Start importing Assets/Kaisa/FBX/AsunaArmor/AsunaArmorKneeLeft.fbx using Guid(0fee737c72e968a4fb1710304e558eef) Importer(815301076,1909f56bfc062723c751e8b465ee728b)  -> (artifact id: '69007c53455d28c27e7c5a0e7550223b') in 0.024307 seconds 
========================================================================
Received Import Request.
  Time since last request: 0.000023 seconds.
  path: Assets/Kaisa/FBX/AsunaArmor/AsunaArmorUpperArmLeft.fbx
  artifactKey: Guid(7c58b7c9678f63d4a93dbaf8f4d3aaf8) Importer(815301076,1909f56bfc062723c751e8b465ee728b)
Start importing Assets/Kaisa/FBX/AsunaArmor/AsunaArmorUpperArmLeft.fbx using Guid(7c58b7c9678f63d4a93dbaf8f4d3aaf8) Importer(815301076,1909f56bfc062723c751e8b465ee728b)  -> (artifact id: 'f0c416a9301c00b25c56e9b0bcc5b0c2') in 0.021717 seconds 
========================================================================
Received Import Request.
  Time since last request: 0.000017 seconds.
  path: Assets/Kaisa/FBX/AsunaArmor/AsunaArmorShoulderRight.fbx
  artifactKey: Guid(b43ded0399e28924a88ef156431278e3) Importer(815301076,1909f56bfc062723c751e8b465ee728b)
Start importing Assets/Kaisa/FBX/AsunaArmor/AsunaArmorShoulderRight.fbx using Guid(b43ded0399e28924a88ef156431278e3) Importer(815301076,1909f56bfc062723c751e8b465ee728b)  -> (artifact id: '8035cd8077601520555f78934af74e0e') in 0.020223 seconds 
========================================================================
Received Import Request.
  Time since last request: 0.000017 seconds.
  path: Assets/Kaisa/FBX/AsunaArmor/AsunaArmorUpperArmRight.fbx
  artifactKey: Guid(2a6409d97c5dcc349b2ca59452458260) Importer(815301076,1909f56bfc062723c751e8b465ee728b)
Start importing Assets/Kaisa/FBX/AsunaArmor/AsunaArmorUpperArmRight.fbx using Guid(2a6409d97c5dcc349b2ca59452458260) Importer(815301076,1909f56bfc062723c751e8b465ee728b)  -> (artifact id: '4c1a8929b8648fcd076557dc0a8f523e') in 0.018410 seconds 
========================================================================
Received Import Request.
  Time since last request: 0.000032 seconds.
  path: Assets/Kaisa/FBX/AsunaArmor/AsunaArmorLowerArmRight.fbx
  artifactKey: Guid(7de2d8de19b58f944b91b6c5a044f542) Importer(815301076,1909f56bfc062723c751e8b465ee728b)
Start importing Assets/Kaisa/FBX/AsunaArmor/AsunaArmorLowerArmRight.fbx using Guid(7de2d8de19b58f944b91b6c5a044f542) Importer(815301076,1909f56bfc062723c751e8b465ee728b)  -> (artifact id: '74ee0f886af0ae96a28d19825cd10d80') in 0.019118 seconds 
========================================================================
Received Import Request.
  Time since last request: 1.658203 seconds.
  path: Assets/Kaisa/FBX/Animations/000AvatarDefinition.fbx
  artifactKey: Guid(cea17f1c76459ab479f3c64016ea868a) Importer(815301076,1909f56bfc062723c751e8b465ee728b)
Start importing Assets/Kaisa/FBX/Animations/000AvatarDefinition.fbx using Guid(cea17f1c76459ab479f3c64016ea868a) Importer(815301076,1909f56bfc062723c751e8b465ee728b)  -> (artifact id: 'f1f6bfe9855ac6d75ebdd943ac435efd') in 0.080454 seconds 
========================================================================
Received Import Request.
  Time since last request: 0.000017 seconds.
  path: Assets/Kaisa/FBX/Animations/010Pistol.fbx
  artifactKey: Guid(f6f195dd917589440bbbf644881dd56c) Importer(815301076,1909f56bfc062723c751e8b465ee728b)
Start importing Assets/Kaisa/FBX/Animations/010Pistol.fbx using Guid(f6f195dd917589440bbbf644881dd56c) Importer(815301076,1909f56bfc062723c751e8b465ee728b)  -> (artifact id: 'ff0cc2ac69c2b475d287b44c8cf63e51') in 0.079788 seconds 
========================================================================
Received Import Request.
  Time since last request: 0.000019 seconds.
  path: Assets/Kaisa/FBX/Animations/003Run.fbx
  artifactKey: Guid(b33b6abfad2e8174f8ea470c5c62e912) Importer(815301076,1909f56bfc062723c751e8b465ee728b)
Start importing Assets/Kaisa/FBX/Animations/003Run.fbx using Guid(b33b6abfad2e8174f8ea470c5c62e912) Importer(815301076,1909f56bfc062723c751e8b465ee728b)  -> (artifact id: 'da6798ff1ad3f1b3001a97ebcc3d4115') in 0.101852 seconds 
========================================================================
Received Import Request.
  Time since last request: 0.000029 seconds.
  path: Assets/Kaisa/FBX/Animations/004Jump.fbx
  artifactKey: Guid(9358c999a74c183469874ced4ed52b1c) Importer(815301076,1909f56bfc062723c751e8b465ee728b)
Start importing Assets/Kaisa/FBX/Animations/004Jump.fbx using Guid(9358c999a74c183469874ced4ed52b1c) Importer(815301076,1909f56bfc062723c751e8b465ee728b)  -> (artifact id: 'abfa5e7120df1821e5b313718e34049a') in 0.085782 seconds 
========================================================================
Received Import Request.
  Time since last request: 0.007367 seconds.
  path: Assets/Kaisa/FBX/Animations/FemaleRigAvatarMask.mask
  artifactKey: Guid(e6105c011b437544ea0f2687cc147bb7) Importer(815301076,1909f56bfc062723c751e8b465ee728b)
Start importing Assets/Kaisa/FBX/Animations/FemaleRigAvatarMask.mask using Guid(e6105c011b437544ea0f2687cc147bb7) Importer(815301076,1909f56bfc062723c751e8b465ee728b)  -> (artifact id: '4d52bae94aa3811ad02e8c49732937e2') in 0.008415 seconds 
========================================================================
Received Import Request.
  Time since last request: 0.000018 seconds.
  path: Assets/Kaisa/FBX/Animations/006Death.fbx
  artifactKey: Guid(735c86ff8e6d6874e9ecf37a6b42c338) Importer(815301076,1909f56bfc062723c751e8b465ee728b)
Start importing Assets/Kaisa/FBX/Animations/006Death.fbx using Guid(735c86ff8e6d6874e9ecf37a6b42c338) Importer(815301076,1909f56bfc062723c751e8b465ee728b)  -> (artifact id: '7bf6e69d1a22b673d51e425df39f74c4') in 0.083621 seconds 
========================================================================
Received Import Request.
  Time since last request: 0.000018 seconds.
  path: Assets/Kaisa/FBX/Animations/002Walk.fbx
  artifactKey: Guid(e97d495423216644b9d0dd0beb76a23c) Importer(815301076,1909f56bfc062723c751e8b465ee728b)
Start importing Assets/Kaisa/FBX/Animations/002Walk.fbx using Guid(e97d495423216644b9d0dd0beb76a23c) Importer(815301076,1909f56bfc062723c751e8b465ee728b)  -> (artifact id: '8072073b215dcd5f93c552a88ebf61ac') in 0.105339 seconds 
========================================================================
Received Import Request.
  Time since last request: 0.000026 seconds.
  path: Assets/Kaisa/FBX/Animations/023OneHandMeleeWeapon.fbx
  artifactKey: Guid(48857c97fb2d42f49b7dc2b42d517550) Importer(815301076,1909f56bfc062723c751e8b465ee728b)
Start importing Assets/Kaisa/FBX/Animations/023OneHandMeleeWeapon.fbx using Guid(48857c97fb2d42f49b7dc2b42d517550) Importer(815301076,1909f56bfc062723c751e8b465ee728b)  -> (artifact id: 'ae95f7fe17983db6cce2616e18499f71') in 0.145103 seconds 
========================================================================
Received Import Request.
  Time since last request: 2.531208 seconds.
  path: Assets/Kaisa/FBX/CharacterStandardAmmunition/9x19mmCartridge.fbx
  artifactKey: Guid(c9023e9a70c384645861cba3b8b05122) Importer(815301076,1909f56bfc062723c751e8b465ee728b)
Start importing Assets/Kaisa/FBX/CharacterStandardAmmunition/9x19mmCartridge.fbx using Guid(c9023e9a70c384645861cba3b8b05122) Importer(815301076,1909f56bfc062723c751e8b465ee728b)  -> (artifact id: '99b8ea98b2cade0f85cf31229a77a39d') in 0.176159 seconds 
========================================================================
Received Import Request.
  Time since last request: 1.640941 seconds.
  path: Assets/Kaisa/FBX/CharacterStandardEquipment/ScifiHolster1.fbx
  artifactKey: Guid(51d90428e029ca346ac9c76ee45d9a55) Importer(815301076,1909f56bfc062723c751e8b465ee728b)
Start importing Assets/Kaisa/FBX/CharacterStandardEquipment/ScifiHolster1.fbx using Guid(51d90428e029ca346ac9c76ee45d9a55) Importer(815301076,1909f56bfc062723c751e8b465ee728b)  -> (artifact id: '865e449e70974f25d3fd3d6fca309623') in 0.216176 seconds 
========================================================================
Received Import Request.
  Time since last request: 0.000023 seconds.
  path: Assets/Kaisa/FBX/CharacterStandardEquipment/ScifiRifleWLT78Bolt.fbx
  artifactKey: Guid(f0506eb233df5fc4199dccbb4ce2750d) Importer(815301076,1909f56bfc062723c751e8b465ee728b)
Start importing Assets/Kaisa/FBX/CharacterStandardEquipment/ScifiRifleWLT78Bolt.fbx using Guid(f0506eb233df5fc4199dccbb4ce2750d) Importer(815301076,1909f56bfc062723c751e8b465ee728b)  -> (artifact id: '16be581b7cffde0f72502ca73bb5fabe') in 0.076924 seconds 
========================================================================
Received Import Request.
  Time since last request: 0.000049 seconds.
  path: Assets/Kaisa/FBX/CharacterStandardEquipment/ScifiRifleWLT78Magazine.fbx
  artifactKey: Guid(638d4a141356af940888acb6d7d2d090) Importer(815301076,1909f56bfc062723c751e8b465ee728b)
Start importing Assets/Kaisa/FBX/CharacterStandardEquipment/ScifiRifleWLT78Magazine.fbx using Guid(638d4a141356af940888acb6d7d2d090) Importer(815301076,1909f56bfc062723c751e8b465ee728b)  -> (artifact id: 'bf457cfaf038056a968188e4f5b1deae') in 0.088622 seconds 
========================================================================
Received Import Request.
  Time since last request: 1.055168 seconds.
  path: Assets/Kaisa/FBX/FreeTestCharacterAsuna/FreeTestCharacterAsuna.fbx
  artifactKey: Guid(9e1731dd636f6874eb5a9435655f8273) Importer(815301076,1909f56bfc062723c751e8b465ee728b)
Start importing Assets/Kaisa/FBX/FreeTestCharacterAsuna/FreeTestCharacterAsuna.fbx using Guid(9e1731dd636f6874eb5a9435655f8273) Importer(815301076,1909f56bfc062723c751e8b465ee728b)  -> (artifact id: 'ec27db20913d9d5e48b8e762d7608e15') in 0.466470 seconds 
========================================================================
Received Import Request.
  Time since last request: 16.884728 seconds.
  path: Assets/Kaisa/FBX/FreeTestCharacterAsuna/Materials
  artifactKey: Guid(2710cf13116131a4c8dc2eea280f72c0) Importer(815301076,1909f56bfc062723c751e8b465ee728b)
Start importing Assets/Kaisa/FBX/FreeTestCharacterAsuna/Materials using Guid(2710cf13116131a4c8dc2eea280f72c0) Importer(815301076,1909f56bfc062723c751e8b465ee728b)  -> (artifact id: '48765ed6d6be076f68dcf858f00f4187') in 0.001885 seconds 
========================================================================
Received Import Request.
  Time since last request: 0.111819 seconds.
  path: Assets/Kaisa/FBX/FreeTestCharacterAsuna/Materials/AsunaBodyBlack.mat
  artifactKey: Guid(37406dd2378320f469ad8b012b3e22d9) Importer(815301076,1909f56bfc062723c751e8b465ee728b)
Start importing Assets/Kaisa/FBX/FreeTestCharacterAsuna/Materials/AsunaBodyBlack.mat using Guid(37406dd2378320f469ad8b012b3e22d9) Importer(815301076,1909f56bfc062723c751e8b465ee728b)  -> (artifact id: '2a7b737010cbaa6f090a7453056eada3') in 0.164807 seconds 
========================================================================
Received Import Request.
  Time since last request: 0.000020 seconds.
  path: Assets/Kaisa/FBX/FreeTestCharacterAsuna/Materials/AsunaHairRed.mat
  artifactKey: Guid(4432b93352277714caa001b074ab9503) Importer(815301076,1909f56bfc062723c751e8b465ee728b)
Start importing Assets/Kaisa/FBX/FreeTestCharacterAsuna/Materials/AsunaHairRed.mat using Guid(4432b93352277714caa001b074ab9503) Importer(815301076,1909f56bfc062723c751e8b465ee728b)  -> (artifact id: 'a07103b15c4e1501419a3779e8f8172f') in 0.127388 seconds 
========================================================================
Received Import Request.
  Time since last request: 88.106394 seconds.
  path: Assets/Kaisa/Textures/AsunaHead/AsunaHeadAO.png
  artifactKey: Guid(419a4654508fd4044afbae0284d0135a) Importer(815301076,1909f56bfc062723c751e8b465ee728b)
Start importing Assets/Kaisa/Textures/AsunaHead/AsunaHeadAO.png using Guid(419a4654508fd4044afbae0284d0135a) Importer(815301076,1909f56bfc062723c751e8b465ee728b)  -> (artifact id: '9251fd13af3b48732b0d7d29731e5fc3') in 0.044385 seconds 
========================================================================
Received Import Request.
  Time since last request: 0.000015 seconds.
  path: Assets/Kaisa/Textures/AsunaHead/AsunaHeadPBRMetalness.tga
  artifactKey: Guid(ffd37d27621535244b0336c9cc0c0234) Importer(815301076,1909f56bfc062723c751e8b465ee728b)
Start importing Assets/Kaisa/Textures/AsunaHead/AsunaHeadPBRMetalness.tga using Guid(ffd37d27621535244b0336c9cc0c0234) Importer(815301076,1909f56bfc062723c751e8b465ee728b)  -> (artifact id: 'f76939b94cc6056d2a2f0d242fd6ad79') in 0.025154 seconds 
========================================================================
Received Import Request.
  Time since last request: 25.563414 seconds.
  path: Assets/Kaisa/Textures/CharacterEyes/CharacterEyesBluePurpleAlbedo.png
  artifactKey: Guid(450a58424a2b54e4b97e39431fa0f5a8) Importer(815301076,1909f56bfc062723c751e8b465ee728b)
Start importing Assets/Kaisa/Textures/CharacterEyes/CharacterEyesBluePurpleAlbedo.png using Guid(450a58424a2b54e4b97e39431fa0f5a8) Importer(815301076,1909f56bfc062723c751e8b465ee728b)  -> (artifact id: '9865ff8c6eb52eef345a8e253a09b76c') in 0.015843 seconds 
========================================================================
Received Import Request.
  Time since last request: 0.002010 seconds.
  path: Assets/Kaisa/Textures/CharacterEyes/CharacterEyesBrightGreenAlbedo.png
  artifactKey: Guid(3bf51f53fe877ce49ba1e60640730da8) Importer(815301076,1909f56bfc062723c751e8b465ee728b)
Start importing Assets/Kaisa/Textures/CharacterEyes/CharacterEyesBrightGreenAlbedo.png using Guid(3bf51f53fe877ce49ba1e60640730da8) Importer(815301076,1909f56bfc062723c751e8b465ee728b)  -> (artifact id: 'a9943cfc7a1b24b145b9482a71b15c95') in 0.012691 seconds 
========================================================================
Received Import Request.
  Time since last request: 0.000017 seconds.
  path: Assets/Kaisa/Textures/CharacterEyes/CharacterEyesBrownIllumination.png
  artifactKey: Guid(eec8c7b627b6cb2459adb4bdca0d029a) Importer(815301076,1909f56bfc062723c751e8b465ee728b)
Start importing Assets/Kaisa/Textures/CharacterEyes/CharacterEyesBrownIllumination.png using Guid(eec8c7b627b6cb2459adb4bdca0d029a) Importer(815301076,1909f56bfc062723c751e8b465ee728b)  -> (artifact id: 'acd7ae1c696dcf561c07c1eb6313fd5d') in 0.011583 seconds 
========================================================================
Received Import Request.
  Time since last request: 0.003291 seconds.
  path: Assets/Kaisa/Textures/CharacterEyes/CharacterEyesDarkRedAlbedo.png
  artifactKey: Guid(5a0c386b62f1de3419fc77f4f3f299bc) Importer(815301076,1909f56bfc062723c751e8b465ee728b)
Start importing Assets/Kaisa/Textures/CharacterEyes/CharacterEyesDarkRedAlbedo.png using Guid(5a0c386b62f1de3419fc77f4f3f299bc) Importer(815301076,1909f56bfc062723c751e8b465ee728b)  -> (artifact id: 'e964e371bad9569f52ae3e45b33594e0') in 0.017569 seconds 
========================================================================
Received Import Request.
  Time since last request: 0.000017 seconds.
  path: Assets/Kaisa/Textures/CharacterEyes/CharacterEyesPurpleIllumination.png
  artifactKey: Guid(aa2bf1979453a904db217f9a93122dc0) Importer(815301076,1909f56bfc062723c751e8b465ee728b)
Start importing Assets/Kaisa/Textures/CharacterEyes/CharacterEyesPurpleIllumination.png using Guid(aa2bf1979453a904db217f9a93122dc0) Importer(815301076,1909f56bfc062723c751e8b465ee728b)  -> (artifact id: 'f8593d8e5f7ed6df7ef9862741915f07') in 0.013372 seconds 
========================================================================
Received Import Request.
  Time since last request: 0.000015 seconds.
  path: Assets/Kaisa/Textures/CharacterEyes/CharacterEyesLightGreenIllumination.png
  artifactKey: Guid(89b80e79bbf18f447982cfeeded3fea6) Importer(815301076,1909f56bfc062723c751e8b465ee728b)
Start importing Assets/Kaisa/Textures/CharacterEyes/CharacterEyesLightGreenIllumination.png using Guid(89b80e79bbf18f447982cfeeded3fea6) Importer(815301076,1909f56bfc062723c751e8b465ee728b)  -> (artifact id: '617c8c1f76986a10078d0be68593fd2f') in 0.010585 seconds 
========================================================================
Received Import Request.
  Time since last request: 0.000017 seconds.
  path: Assets/Kaisa/Textures/CharacterEyes/CharacterEyesYellowGreenIllumination.png
  artifactKey: Guid(85939b2f46e3b454d958ff1c5ed9106d) Importer(815301076,1909f56bfc062723c751e8b465ee728b)
Start importing Assets/Kaisa/Textures/CharacterEyes/CharacterEyesYellowGreenIllumination.png using Guid(85939b2f46e3b454d958ff1c5ed9106d) Importer(815301076,1909f56bfc062723c751e8b465ee728b)  -> (artifact id: 'e7c30e9807eb5451aa510aa18d81c723') in 0.009333 seconds 
========================================================================
Received Import Request.
  Time since last request: 0.000014 seconds.
  path: Assets/Kaisa/Textures/CharacterEyes/CharacterEyesYellowIllumination.png
  artifactKey: Guid(57d651a47a7dccb45b4b0c2f908cd3c1) Importer(815301076,1909f56bfc062723c751e8b465ee728b)
Start importing Assets/Kaisa/Textures/CharacterEyes/CharacterEyesYellowIllumination.png using Guid(57d651a47a7dccb45b4b0c2f908cd3c1) Importer(815301076,1909f56bfc062723c751e8b465ee728b)  -> (artifact id: 'eb6aedd88877ed1e30d62329882198c1') in 0.008427 seconds 
========================================================================
Received Import Request.
  Time since last request: 0.000018 seconds.
  path: Assets/Kaisa/Textures/CharacterEyes/CharacterEyesDarkBlueBrightIllumination.png
  artifactKey: Guid(acb8592d5b94ab24782a1d05803cd668) Importer(815301076,1909f56bfc062723c751e8b465ee728b)
Start importing Assets/Kaisa/Textures/CharacterEyes/CharacterEyesDarkBlueBrightIllumination.png using Guid(acb8592d5b94ab24782a1d05803cd668) Importer(815301076,1909f56bfc062723c751e8b465ee728b)  -> (artifact id: 'acecf22680eff5d8a91b0c68954b03dd') in 0.009583 seconds 
========================================================================
Received Import Request.
  Time since last request: 0.000014 seconds.
  path: Assets/Kaisa/Textures/CharacterEyes/CharacterEyesPurpleAlbedo.png
  artifactKey: Guid(4b13d643b3cd96e4eb3421d3d778809b) Importer(815301076,1909f56bfc062723c751e8b465ee728b)
Start importing Assets/Kaisa/Textures/CharacterEyes/CharacterEyesPurpleAlbedo.png using Guid(4b13d643b3cd96e4eb3421d3d778809b) Importer(815301076,1909f56bfc062723c751e8b465ee728b)  -> (artifact id: 'dda0427036eea91f79d8a8c751ddd0de') in 0.015534 seconds 
========================================================================
Received Import Request.
  Time since last request: 0.000014 seconds.
  path: Assets/Kaisa/Textures/CharacterEyes/CharacterEyesBrightRedAlbedo.png
  artifactKey: Guid(822b684c91d7e364890c09aad2509038) Importer(815301076,1909f56bfc062723c751e8b465ee728b)
Start importing Assets/Kaisa/Textures/CharacterEyes/CharacterEyesBrightRedAlbedo.png using Guid(822b684c91d7e364890c09aad2509038) Importer(815301076,1909f56bfc062723c751e8b465ee728b)  -> (artifact id: '284ccef45de2d4dfb8d51a4667a1d080') in 0.010061 seconds 
========================================================================
Received Import Request.
  Time since last request: 0.000015 seconds.
  path: Assets/Kaisa/Textures/CharacterEyes/CharacterEyesYellowGreenAlbedo.png
  artifactKey: Guid(e44b28aea2cf7eb46b737a03a9639a33) Importer(815301076,1909f56bfc062723c751e8b465ee728b)
Start importing Assets/Kaisa/Textures/CharacterEyes/CharacterEyesYellowGreenAlbedo.png using Guid(e44b28aea2cf7eb46b737a03a9639a33) Importer(815301076,1909f56bfc062723c751e8b465ee728b)  -> (artifact id: '678b0df4b7c61a544626c55c365969f2') in 0.008971 seconds 
========================================================================
Received Import Request.
  Time since last request: 0.000018 seconds.
  path: Assets/Kaisa/Textures/CharacterEyes/CharacterEyesDiffuse.png
  artifactKey: Guid(c7a026fbc5d08be4eb6243dcdf6299c3) Importer(815301076,1909f56bfc062723c751e8b465ee728b)
Start importing Assets/Kaisa/Textures/CharacterEyes/CharacterEyesDiffuse.png using Guid(c7a026fbc5d08be4eb6243dcdf6299c3) Importer(815301076,1909f56bfc062723c751e8b465ee728b)  -> (artifact id: 'cb63ebbe29084f7981ec4a222f860ed9') in 0.011977 seconds 
========================================================================
Received Import Request.
  Time since last request: 0.000020 seconds.
  path: Assets/Kaisa/Textures/CharacterEyes/CharacterEyesBrightGreenIllumination.png
  artifactKey: Guid(f2cfc5401606e6b4ab2d17aab0beae5f) Importer(815301076,1909f56bfc062723c751e8b465ee728b)
Start importing Assets/Kaisa/Textures/CharacterEyes/CharacterEyesBrightGreenIllumination.png using Guid(f2cfc5401606e6b4ab2d17aab0beae5f) Importer(815301076,1909f56bfc062723c751e8b465ee728b)  -> (artifact id: 'b222fd72658fc1ffaf7af919ba5448c8') in 0.010405 seconds 
========================================================================
Received Import Request.
  Time since last request: 0.000018 seconds.
  path: Assets/Kaisa/Textures/CharacterEyes/CharacterEyesDarkBlueBrightAlbedo.png
  artifactKey: Guid(79a4dc236385404468c10c41fbf6b7b9) Importer(815301076,1909f56bfc062723c751e8b465ee728b)
Start importing Assets/Kaisa/Textures/CharacterEyes/CharacterEyesDarkBlueBrightAlbedo.png using Guid(79a4dc236385404468c10c41fbf6b7b9) Importer(815301076,1909f56bfc062723c751e8b465ee728b)  -> (artifact id: '5154acbb448c6cfff7c0aeb8056c1e7c') in 0.012022 seconds 
========================================================================
Received Import Request.
  Time since last request: 0.000027 seconds.
  path: Assets/Kaisa/Textures/CharacterEyes/CharacterEyesPBRMetalness.tga
  artifactKey: Guid(513839caf6b7405458b1a553b46edf4b) Importer(815301076,1909f56bfc062723c751e8b465ee728b)
Start importing Assets/Kaisa/Textures/CharacterEyes/CharacterEyesPBRMetalness.tga using Guid(513839caf6b7405458b1a553b46edf4b) Importer(815301076,1909f56bfc062723c751e8b465ee728b)  -> (artifact id: '4690c56e7467d1fa865d03c0cd39cae8') in 0.008897 seconds 
========================================================================
Received Import Request.
  Time since last request: 7.201604 seconds.
  path: Assets/Kaisa/Textures/AsunaArmor/AsunaArmorAlbedo.png
  artifactKey: Guid(3d22562a700bd6c43b94dbd9df1cc259) Importer(815301076,1909f56bfc062723c751e8b465ee728b)
Start importing Assets/Kaisa/Textures/AsunaArmor/AsunaArmorAlbedo.png using Guid(3d22562a700bd6c43b94dbd9df1cc259) Importer(815301076,1909f56bfc062723c751e8b465ee728b)  -> (artifact id: 'bb4a979357392cc221e8f8464a98f566') in 0.017973 seconds 
========================================================================
Received Import Request.
  Time since last request: 0.651811 seconds.
  path: Assets/Kaisa/Textures/BlackBackground.mat
  artifactKey: Guid(9dcec910dc823b14d8937b5c10453f29) Importer(815301076,1909f56bfc062723c751e8b465ee728b)
Start importing Assets/Kaisa/Textures/BlackBackground.mat using Guid(9dcec910dc823b14d8937b5c10453f29) Importer(815301076,1909f56bfc062723c751e8b465ee728b)  -> (artifact id: 'ef64870bedc107fe3ac124776bf12a3a') in 0.067421 seconds 
========================================================================
Received Import Request.
  Time since last request: 1.273232 seconds.
  path: Assets/Kaisa/Prefabs/FreeTestCharacterAsunaMasterPrefab.prefab
  artifactKey: Guid(798c05ee1e2530b4ebb1d9d7e5a2c6a9) Importer(815301076,1909f56bfc062723c751e8b465ee728b)
Start importing Assets/Kaisa/Prefabs/FreeTestCharacterAsunaMasterPrefab.prefab using Guid(798c05ee1e2530b4ebb1d9d7e5a2c6a9) Importer(815301076,1909f56bfc062723c751e8b465ee728b)  -> (artifact id: 'a0d5fd979feae18dcf7547b7b89220a1') in 0.226138 seconds 
========================================================================
Received Import Request.
  Time since last request: 19.014249 seconds.
  path: Assets/Kaisa/Textures/AsunaEyelashesBrows/AsunaEyelashesBrowsAlphaMask.tga
  artifactKey: Guid(56d6871e0ef4a5446aa22eda5c7bedce) Importer(815301076,1909f56bfc062723c751e8b465ee728b)
Start importing Assets/Kaisa/Textures/AsunaEyelashesBrows/AsunaEyelashesBrowsAlphaMask.tga using Guid(56d6871e0ef4a5446aa22eda5c7bedce) Importer(815301076,1909f56bfc062723c751e8b465ee728b)  -> (artifact id: '9a4e9d4872058f5a55815b0955443b12') in 0.021331 seconds 
========================================================================
Received Import Request.
  Time since last request: 1.193910 seconds.
  path: Assets/Kaisa/Textures/AsunaBody/AsunaBodyAO.png
  artifactKey: Guid(1f024d0be47100649b6fd944976184d4) Importer(815301076,1909f56bfc062723c751e8b465ee728b)
Start importing Assets/Kaisa/Textures/AsunaBody/AsunaBodyAO.png using Guid(1f024d0be47100649b6fd944976184d4) Importer(815301076,1909f56bfc062723c751e8b465ee728b)  -> (artifact id: '4bef33dd2464d64bf0cb5e22bcbc4bc6') in 0.022073 seconds 
========================================================================
Received Import Request.
  Time since last request: 3.680218 seconds.
  path: Assets/Kaisa/Textures/CharacterStandardAmmunition/CharacterStandardAmmunitionAlbedo.png
  artifactKey: Guid(ebfa0f2c5569bff45be8d6fa5e1910d5) Importer(815301076,1909f56bfc062723c751e8b465ee728b)
Start importing Assets/Kaisa/Textures/CharacterStandardAmmunition/CharacterStandardAmmunitionAlbedo.png using Guid(ebfa0f2c5569bff45be8d6fa5e1910d5) Importer(815301076,1909f56bfc062723c751e8b465ee728b)  -> (artifact id: '6c45f4a7c15ed20fc9a7a063e7d13284') in 0.017056 seconds 
========================================================================
Received Import Request.
  Time since last request: 1.495794 seconds.
  path: Assets/Kaisa/Textures/CharacterStandardEquipment/CharacterStandardEquipmentAlbedo.png
  artifactKey: Guid(9f7d82f187a0de44f93594eccabb2bc7) Importer(815301076,1909f56bfc062723c751e8b465ee728b)
Start importing Assets/Kaisa/Textures/CharacterStandardEquipment/CharacterStandardEquipmentAlbedo.png using Guid(9f7d82f187a0de44f93594eccabb2bc7) Importer(815301076,1909f56bfc062723c751e8b465ee728b)  -> (artifact id: 'b1d695cd76feddd05139ac862db7f5a2') in 0.036042 seconds 
========================================================================
Received Prepare
Registering precompiled user dll's ...
Registered in 0.007579 seconds.
Begin MonoManager ReloadAssembly
Symbol file LoadedFromMemory doesn't match image C:\Users\jiwon\Documents\GitHub\Bezier_Curves\Bezier_Curves\Library\PackageCache\com.unity.visualscripting@1.7.8\Editor\VisualScripting.Core\Dependencies\YamlDotNet\Unity.VisualScripting.YamlDotNet.dll
Symbol file LoadedFromMemory doesn't match image C:\Users\jiwon\Documents\GitHub\Bezier_Curves\Bezier_Curves\Library\PackageCache\com.unity.visualscripting@1.7.8\Editor\VisualScripting.Core\Dependencies\DotNetZip\Unity.VisualScripting.IonicZip.dll
Native extension for UWP target not found
Native extension for WindowsStandalone target not found
Native extension for WebGL target not found
Refreshing native plugins compatible for Editor in 0.50 ms, found 3 plugins.
Preloading 0 native plugins for Editor in 0.00 ms.
Mono: successfully reloaded assembly
- Completed reload, in  0.739 seconds
Domain Reload Profiling:
	ReloadAssembly (740ms)
		BeginReloadAssembly (111ms)
			ExecutionOrderSort (0ms)
			DisableScriptedObjects (5ms)
			BackupInstance (0ms)
			ReleaseScriptingObjects (0ms)
			CreateAndSetChildDomain (33ms)
		EndReloadAssembly (559ms)
			LoadAssemblies (65ms)
			RebuildTransferFunctionScriptingTraits (0ms)
			SetupTypeCache (173ms)
			ReleaseScriptCaches (1ms)
			RebuildScriptCaches (30ms)
			SetupLoadedEditorAssemblies (261ms)
				LogAssemblyErrors (0ms)
				InitializePlatformSupportModulesInManaged (12ms)
				SetLoadedEditorAssemblies (0ms)
				RefreshPlugins (1ms)
				BeforeProcessingInitializeOnLoad (65ms)
				ProcessInitializeOnLoadAttributes (154ms)
				ProcessInitializeOnLoadMethodAttributes (21ms)
				AfterProcessingInitializeOnLoad (8ms)
				EditorAssembliesLoaded (0ms)
			ExecutionOrderSort2 (0ms)
			AwakeInstancesAfterBackupRestoration (5ms)
Platform modules already initialized, skipping
Refreshing native plugins compatible for Editor in 2.70 ms, found 3 plugins.
Preloading 0 native plugins for Editor in 0.00 ms.
Unloading 3363 Unused Serialized files (Serialized files now loaded: 0)
Unloading 20 unused Assets / (78.6 KB). Loaded Objects now: 3872.
Memory consumption went from 134.4 MB to 134.4 MB.
Total: 2.948300 ms (FindLiveObjects: 0.246200 ms CreateObjectMapping: 0.117100 ms MarkObjects: 2.490400 ms  DeleteObjects: 0.093700 ms)

AssetImportParameters requested are different than current active one (requested -> active):
  custom:video-decoder-ogg-theora: a1e56fd34408186e4bbccfd4996cb3dc -> 
  custom:container-muxer-webm: aa71ff27fc2769a1b78a27578f13a17b -> 
  custom:container-demuxer-webm: 4f35f7cbe854078d1ac9338744f61a02 -> 
  custom:video-encoder-webm-vp8: eb34c28f22e8b96e1ab97ce403110664 -> 
  custom:audio-encoder-webm-vorbis: bf7c407c2cedff20999df2af8eb42d56 -> 
  custom:framework-win-MediaFoundation: 216162199b28c13a410421893ffa2e32 -> 
  custom:container-demuxer-ogg: 62fdf1f143b41e24485cea50d1cbac27 -> 
  custom:video-decoder-webm-vp8: 9c59270c3fd7afecdb556c50c9e8de78 -> 
  custom:audio-decoder-ogg-vorbis: bf7c407c2cedff20999df2af8eb42d56 -> 
========================================================================
Received Import Request.
  Time since last request: 50.473540 seconds.
  path: Assets/BackGround/Models/Branch_01.fbx
  artifactKey: Guid(5528351815fd4c04abf537f22c7e18f1) Importer(815301076,1909f56bfc062723c751e8b465ee728b)
Start importing Assets/BackGround/Models/Branch_01.fbx using Guid(5528351815fd4c04abf537f22c7e18f1) Importer(815301076,1909f56bfc062723c751e8b465ee728b)  -> (artifact id: '212b1059b10f7227d77c6285d9ba76bc') in 0.146509 seconds 
========================================================================
Received Import Request.
  Time since last request: 0.000017 seconds.
  path: Assets/BackGround/Models/Ground_03.fbx
  artifactKey: Guid(661464e19c087564badb2bf5230c842c) Importer(815301076,1909f56bfc062723c751e8b465ee728b)
Start importing Assets/BackGround/Models/Ground_03.fbx using Guid(661464e19c087564badb2bf5230c842c) Importer(815301076,1909f56bfc062723c751e8b465ee728b)  -> (artifact id: 'fe17dc52e8d683976c30f9a2fb0c40d5') in 0.019754 seconds 
========================================================================
Received Import Request.
  Time since last request: 0.000023 seconds.
  path: Assets/BackGround/Models/Mushroom_02.fbx
  artifactKey: Guid(6c890c97a154a474082af84a379dffce) Importer(815301076,1909f56bfc062723c751e8b465ee728b)
Start importing Assets/BackGround/Models/Mushroom_02.fbx using Guid(6c890c97a154a474082af84a379dffce) Importer(815301076,1909f56bfc062723c751e8b465ee728b)  -> (artifact id: 'a51c722389a8ddb901e9fd9c8fc9fb3e') in 0.018868 seconds 
========================================================================
Received Import Request.
  Time since last request: 0.000016 seconds.
  path: Assets/BackGround/Models/Flowers_01.fbx
  artifactKey: Guid(b5a80b3e2a089b841b155d7c7f461e7c) Importer(815301076,1909f56bfc062723c751e8b465ee728b)
Start importing Assets/BackGround/Models/Flowers_01.fbx using Guid(b5a80b3e2a089b841b155d7c7f461e7c) Importer(815301076,1909f56bfc062723c751e8b465ee728b)  -> (artifact id: '5a8b6617a0f67921d43d9f5a12d879ae') in 0.014195 seconds 
========================================================================
Received Import Request.
  Time since last request: 0.166356 seconds.
  path: Assets/BackGround/Materials/SimpleNaturePack_BG.mat
  artifactKey: Guid(886ecf0ee44718246aa083d8aad49b79) Importer(815301076,1909f56bfc062723c751e8b465ee728b)
Start importing Assets/BackGround/Materials/SimpleNaturePack_BG.mat using Guid(886ecf0ee44718246aa083d8aad49b79) Importer(815301076,1909f56bfc062723c751e8b465ee728b)  -> (artifact id: 'f52d93367255fbd90048af33369872c3') in 0.068650 seconds 
========================================================================
Received Import Request.
  Time since last request: 18.858425 seconds.
  path: Assets/Kaisa/Prefabs/CharacterStandardEquipment
  artifactKey: Guid(42a58548ce23e9b418de88a6416a4eca) Importer(815301076,1909f56bfc062723c751e8b465ee728b)
Start importing Assets/Kaisa/Prefabs/CharacterStandardEquipment using Guid(42a58548ce23e9b418de88a6416a4eca) Importer(815301076,1909f56bfc062723c751e8b465ee728b)  -> (artifact id: 'af820df4d87837224c6eeb670ee0a857') in 0.005123 seconds 
========================================================================
Received Import Request.
  Time since last request: 0.070677 seconds.
  path: Assets/Kaisa/Prefabs/CharacterStandardEquipment/ScifiHolster.prefab
  artifactKey: Guid(8464f5450ee51cc4caf51290651a1fcb) Importer(815301076,1909f56bfc062723c751e8b465ee728b)
Start importing Assets/Kaisa/Prefabs/CharacterStandardEquipment/ScifiHolster.prefab using Guid(8464f5450ee51cc4caf51290651a1fcb) Importer(815301076,1909f56bfc062723c751e8b465ee728b)  -> (artifact id: '3c86a2791a2e959ecd238e4316d2c4ae') in 0.091153 seconds 
========================================================================
Received Import Request.
  Time since last request: 3.235426 seconds.
  path: Assets/Scenes/SampleScene.unity
  artifactKey: Guid(9fc0d4010bbf28b4594072e72b8655ab) Importer(815301076,1909f56bfc062723c751e8b465ee728b)
Start importing Assets/Scenes/SampleScene.unity using Guid(9fc0d4010bbf28b4594072e72b8655ab) Importer(815301076,1909f56bfc062723c751e8b465ee728b)  -> (artifact id: 'e55ccaa32d8e5c1de03c07a5412c8c3c') in 0.005105 seconds 
========================================================================
Received Import Request.
  Time since last request: 1.465593 seconds.
  path: Assets/Scenes/SampleScene.unity
  artifactKey: Guid(9fc0d4010bbf28b4594072e72b8655ab) Importer(815301076,1909f56bfc062723c751e8b465ee728b)
Start importing Assets/Scenes/SampleScene.unity using Guid(9fc0d4010bbf28b4594072e72b8655ab) Importer(815301076,1909f56bfc062723c751e8b465ee728b)  -> (artifact id: '6397f4954aeb9b590cbb2695c17fe916') in 0.001555 seconds 
========================================================================
Received Import Request.
  Time since last request: 22.265061 seconds.
  path: Assets/Kaisa/ExampleScene+Readme/ExampleScene.unity
  artifactKey: Guid(a1c500dd5c6ffed419b958634779807c) Importer(815301076,1909f56bfc062723c751e8b465ee728b)
Start importing Assets/Kaisa/ExampleScene+Readme/ExampleScene.unity using Guid(a1c500dd5c6ffed419b958634779807c) Importer(815301076,1909f56bfc062723c751e8b465ee728b)  -> (artifact id: '71df4d7a19468f3c682eba31544a04e8') in 0.005165 seconds 
========================================================================
Received Prepare
Registering precompiled user dll's ...
Registered in 0.007426 seconds.
Begin MonoManager ReloadAssembly
Symbol file LoadedFromMemory doesn't match image C:\Users\jiwon\Documents\GitHub\Bezier_Curves\Bezier_Curves\Library\PackageCache\com.unity.visualscripting@1.7.8\Editor\VisualScripting.Core\Dependencies\YamlDotNet\Unity.VisualScripting.YamlDotNet.dll
Symbol file LoadedFromMemory doesn't match image C:\Users\jiwon\Documents\GitHub\Bezier_Curves\Bezier_Curves\Library\PackageCache\com.unity.visualscripting@1.7.8\Editor\VisualScripting.Core\Dependencies\DotNetZip\Unity.VisualScripting.IonicZip.dll
Native extension for UWP target not found
Native extension for WindowsStandalone target not found
Native extension for WebGL target not found
Refreshing native plugins compatible for Editor in 0.85 ms, found 3 plugins.
Preloading 0 native plugins for Editor in 0.00 ms.
Mono: successfully reloaded assembly
- Completed reload, in  0.816 seconds
Domain Reload Profiling:
	ReloadAssembly (817ms)
		BeginReloadAssembly (126ms)
			ExecutionOrderSort (0ms)
			DisableScriptedObjects (4ms)
			BackupInstance (0ms)
			ReleaseScriptingObjects (0ms)
			CreateAndSetChildDomain (34ms)
		EndReloadAssembly (613ms)
			LoadAssemblies (91ms)
			RebuildTransferFunctionScriptingTraits (0ms)
			SetupTypeCache (180ms)
			ReleaseScriptCaches (1ms)
			RebuildScriptCaches (34ms)
			SetupLoadedEditorAssemblies (283ms)
				LogAssemblyErrors (0ms)
				InitializePlatformSupportModulesInManaged (15ms)
				SetLoadedEditorAssemblies (0ms)
				RefreshPlugins (1ms)
				BeforeProcessingInitializeOnLoad (68ms)
				ProcessInitializeOnLoadAttributes (163ms)
				ProcessInitializeOnLoadMethodAttributes (25ms)
				AfterProcessingInitializeOnLoad (10ms)
				EditorAssembliesLoaded (0ms)
			ExecutionOrderSort2 (0ms)
			AwakeInstancesAfterBackupRestoration (6ms)
Platform modules already initialized, skipping
Refreshing native plugins compatible for Editor in 2.70 ms, found 3 plugins.
Preloading 0 native plugins for Editor in 0.00 ms.
Unloading 3363 Unused Serialized files (Serialized files now loaded: 0)
Unloading 20 unused Assets / (78.5 KB). Loaded Objects now: 3876.
Memory consumption went from 134.5 MB to 134.4 MB.
Total: 4.088900 ms (FindLiveObjects: 0.471000 ms CreateObjectMapping: 0.124700 ms MarkObjects: 3.408200 ms  DeleteObjects: 0.084000 ms)

AssetImportParameters requested are different than current active one (requested -> active):
  custom:video-decoder-ogg-theora: a1e56fd34408186e4bbccfd4996cb3dc -> 
  custom:container-muxer-webm: aa71ff27fc2769a1b78a27578f13a17b -> 
  custom:container-demuxer-webm: 4f35f7cbe854078d1ac9338744f61a02 -> 
  custom:video-encoder-webm-vp8: eb34c28f22e8b96e1ab97ce403110664 -> 
  custom:audio-encoder-webm-vorbis: bf7c407c2cedff20999df2af8eb42d56 -> 
  custom:framework-win-MediaFoundation: 216162199b28c13a410421893ffa2e32 -> 
  custom:container-demuxer-ogg: 62fdf1f143b41e24485cea50d1cbac27 -> 
  custom:video-decoder-webm-vp8: 9c59270c3fd7afecdb556c50c9e8de78 -> 
  custom:audio-decoder-ogg-vorbis: bf7c407c2cedff20999df2af8eb42d56 -> 
========================================================================
Received Import Request.
  Time since last request: 11.008895 seconds.
  path: Assets/Kaisa/ExampleScene+Readme/ReadmeFreeTest.pdf
  artifactKey: Guid(2c880d09e7fc89448aca265389a71c6a) Importer(815301076,1909f56bfc062723c751e8b465ee728b)
Start importing Assets/Kaisa/ExampleScene+Readme/ReadmeFreeTest.pdf using Guid(2c880d09e7fc89448aca265389a71c6a) Importer(815301076,1909f56bfc062723c751e8b465ee728b)  -> (artifact id: '4310ffeea603d07abfc44fe6a4658ede') in 0.020409 seconds 
========================================================================
Received Import Request.
  Time since last request: 203.048666 seconds.
  path: Assets/Kaisa/FBX/Animations/FreeTestAnimationController.controller
  artifactKey: Guid(4775ccfcc5dd08b46962f86c2c57e286) Importer(815301076,1909f56bfc062723c751e8b465ee728b)
Start importing Assets/Kaisa/FBX/Animations/FreeTestAnimationController.controller using Guid(4775ccfcc5dd08b46962f86c2c57e286) Importer(815301076,1909f56bfc062723c751e8b465ee728b)  -> (artifact id: '98bd707864d9d606ac00eef583a1248e') in 0.036544 seconds 
========================================================================
Received Import Request.
  Time since last request: 36.621108 seconds.
  path: Assets/Kaisa/FBX/FreeTestCharacterAsuna/FreeTestCharacterAsuna.fbx
  artifactKey: Guid(9e1731dd636f6874eb5a9435655f8273) Importer(815301076,1909f56bfc062723c751e8b465ee728b)
Start importing Assets/Kaisa/FBX/FreeTestCharacterAsuna/FreeTestCharacterAsuna.fbx using Guid(9e1731dd636f6874eb5a9435655f8273) Importer(815301076,1909f56bfc062723c751e8b465ee728b)  -> (artifact id: '9cb54bcaa1096ce334f5a3c8f41b7286') in 0.172091 seconds 
========================================================================
Received Prepare
Registering precompiled user dll's ...
Registered in 0.003986 seconds.
Begin MonoManager ReloadAssembly
Symbol file LoadedFromMemory doesn't match image C:\Users\jiwon\Documents\GitHub\Bezier_Curves\Bezier_Curves\Library\PackageCache\com.unity.visualscripting@1.7.8\Editor\VisualScripting.Core\Dependencies\YamlDotNet\Unity.VisualScripting.YamlDotNet.dll
Symbol file LoadedFromMemory doesn't match image C:\Users\jiwon\Documents\GitHub\Bezier_Curves\Bezier_Curves\Library\PackageCache\com.unity.visualscripting@1.7.8\Editor\VisualScripting.Core\Dependencies\DotNetZip\Unity.VisualScripting.IonicZip.dll
Native extension for UWP target not found
Native extension for WindowsStandalone target not found
Native extension for WebGL target not found
Refreshing native plugins compatible for Editor in 0.49 ms, found 3 plugins.
Preloading 0 native plugins for Editor in 0.00 ms.
Mono: successfully reloaded assembly
- Completed reload, in  0.691 seconds
Domain Reload Profiling:
	ReloadAssembly (692ms)
		BeginReloadAssembly (104ms)
			ExecutionOrderSort (0ms)
			DisableScriptedObjects (4ms)
			BackupInstance (0ms)
			ReleaseScriptingObjects (0ms)
			CreateAndSetChildDomain (32ms)
		EndReloadAssembly (521ms)
			LoadAssemblies (57ms)
			RebuildTransferFunctionScriptingTraits (0ms)
			SetupTypeCache (163ms)
			ReleaseScriptCaches (1ms)
			RebuildScriptCaches (29ms)
			SetupLoadedEditorAssemblies (244ms)
				LogAssemblyErrors (0ms)
				InitializePlatformSupportModulesInManaged (12ms)
				SetLoadedEditorAssemblies (0ms)
				RefreshPlugins (1ms)
				BeforeProcessingInitializeOnLoad (54ms)
				ProcessInitializeOnLoadAttributes (150ms)
				ProcessInitializeOnLoadMethodAttributes (20ms)
				AfterProcessingInitializeOnLoad (7ms)
				EditorAssembliesLoaded (0ms)
			ExecutionOrderSort2 (0ms)
			AwakeInstancesAfterBackupRestoration (4ms)
Platform modules already initialized, skipping
Refreshing native plugins compatible for Editor in 2.76 ms, found 3 plugins.
Preloading 0 native plugins for Editor in 0.00 ms.
Unloading 3363 Unused Serialized files (Serialized files now loaded: 0)
Unloading 20 unused Assets / (78.6 KB). Loaded Objects now: 3879.
Memory consumption went from 134.5 MB to 134.4 MB.
Total: 2.521200 ms (FindLiveObjects: 0.224400 ms CreateObjectMapping: 0.065400 ms MarkObjects: 2.169200 ms  DeleteObjects: 0.061300 ms)

AssetImportParameters requested are different than current active one (requested -> active):
  custom:video-decoder-ogg-theora: a1e56fd34408186e4bbccfd4996cb3dc -> 
  custom:container-muxer-webm: aa71ff27fc2769a1b78a27578f13a17b -> 
  custom:container-demuxer-webm: 4f35f7cbe854078d1ac9338744f61a02 -> 
  custom:video-encoder-webm-vp8: eb34c28f22e8b96e1ab97ce403110664 -> 
  custom:audio-encoder-webm-vorbis: bf7c407c2cedff20999df2af8eb42d56 -> 
  custom:framework-win-MediaFoundation: 216162199b28c13a410421893ffa2e32 -> 
  custom:container-demuxer-ogg: 62fdf1f143b41e24485cea50d1cbac27 -> 
  custom:video-decoder-webm-vp8: 9c59270c3fd7afecdb556c50c9e8de78 -> 
  custom:audio-decoder-ogg-vorbis: bf7c407c2cedff20999df2af8eb42d56 -> 
========================================================================
Received Import Request.
  Time since last request: 422.305114 seconds.
  path: Assets/BackGround/Textures/NaturePackLite_Texture_01.png
  artifactKey: Guid(28a51d508c86a8948b59df81d5188b17) Importer(815301076,1909f56bfc062723c751e8b465ee728b)
Start importing Assets/BackGround/Textures/NaturePackLite_Texture_01.png using Guid(28a51d508c86a8948b59df81d5188b17) Importer(815301076,1909f56bfc062723c751e8b465ee728b)  -> (artifact id: '33c5b450292bc6e9326467740345956a') in 0.040710 seconds 
========================================================================
Received Import Request.
  Time since last request: 3.812253 seconds.
  path: Assets/BackGround/Textures/closeup-shot-of-peaceful-calming-textures-of-the-body-of-water.jpg
  artifactKey: Guid(09e79e76f04db0045a45570b655853f5) Importer(815301076,1909f56bfc062723c751e8b465ee728b)
Start importing Assets/BackGround/Textures/closeup-shot-of-peaceful-calming-textures-of-the-body-of-water.jpg using Guid(09e79e76f04db0045a45570b655853f5) Importer(815301076,1909f56bfc062723c751e8b465ee728b)  -> (artifact id: '085156c0c8eb19467f220109a5017dcb') in 0.015263 seconds 
========================================================================
Received Prepare
Registering precompiled user dll's ...
Registered in 0.004010 seconds.
Begin MonoManager ReloadAssembly
Symbol file LoadedFromMemory doesn't match image C:\Users\jiwon\Documents\GitHub\Bezier_Curves\Bezier_Curves\Library\PackageCache\com.unity.visualscripting@1.7.8\Editor\VisualScripting.Core\Dependencies\YamlDotNet\Unity.VisualScripting.YamlDotNet.dll
Symbol file LoadedFromMemory doesn't match image C:\Users\jiwon\Documents\GitHub\Bezier_Curves\Bezier_Curves\Library\PackageCache\com.unity.visualscripting@1.7.8\Editor\VisualScripting.Core\Dependencies\DotNetZip\Unity.VisualScripting.IonicZip.dll
Native extension for UWP target not found
Native extension for WindowsStandalone target not found
Native extension for WebGL target not found
Refreshing native plugins compatible for Editor in 0.49 ms, found 3 plugins.
Preloading 0 native plugins for Editor in 0.00 ms.
Mono: successfully reloaded assembly
- Completed reload, in  0.700 seconds
Domain Reload Profiling:
	ReloadAssembly (701ms)
		BeginReloadAssembly (103ms)
			ExecutionOrderSort (0ms)
			DisableScriptedObjects (4ms)
			BackupInstance (0ms)
			ReleaseScriptingObjects (0ms)
			CreateAndSetChildDomain (31ms)
		EndReloadAssembly (531ms)
			LoadAssemblies (60ms)
			RebuildTransferFunctionScriptingTraits (0ms)
			SetupTypeCache (163ms)
			ReleaseScriptCaches (1ms)
			RebuildScriptCaches (29ms)
			SetupLoadedEditorAssemblies (245ms)
				LogAssemblyErrors (0ms)
				InitializePlatformSupportModulesInManaged (11ms)
				SetLoadedEditorAssemblies (0ms)
				RefreshPlugins (1ms)
				BeforeProcessingInitializeOnLoad (55ms)
				ProcessInitializeOnLoadAttributes (150ms)
				ProcessInitializeOnLoadMethodAttributes (20ms)
				AfterProcessingInitializeOnLoad (7ms)
				EditorAssembliesLoaded (0ms)
			ExecutionOrderSort2 (0ms)
			AwakeInstancesAfterBackupRestoration (5ms)
Platform modules already initialized, skipping
Refreshing native plugins compatible for Editor in 2.86 ms, found 3 plugins.
Preloading 0 native plugins for Editor in 0.00 ms.
Unloading 3363 Unused Serialized files (Serialized files now loaded: 0)
Unloading 20 unused Assets / (78.5 KB). Loaded Objects now: 3883.
Memory consumption went from 134.5 MB to 134.4 MB.
Total: 2.814400 ms (FindLiveObjects: 0.260600 ms CreateObjectMapping: 0.082800 ms MarkObjects: 2.399900 ms  DeleteObjects: 0.070300 ms)

AssetImportParameters requested are different than current active one (requested -> active):
  custom:video-decoder-ogg-theora: a1e56fd34408186e4bbccfd4996cb3dc -> 
  custom:container-muxer-webm: aa71ff27fc2769a1b78a27578f13a17b -> 
  custom:container-demuxer-webm: 4f35f7cbe854078d1ac9338744f61a02 -> 
  custom:video-encoder-webm-vp8: eb34c28f22e8b96e1ab97ce403110664 -> 
  custom:audio-encoder-webm-vorbis: bf7c407c2cedff20999df2af8eb42d56 -> 
  custom:framework-win-MediaFoundation: 216162199b28c13a410421893ffa2e32 -> 
  custom:container-demuxer-ogg: 62fdf1f143b41e24485cea50d1cbac27 -> 
  custom:video-decoder-webm-vp8: 9c59270c3fd7afecdb556c50c9e8de78 -> 
  custom:audio-decoder-ogg-vorbis: bf7c407c2cedff20999df2af8eb42d56 -> 
========================================================================
Received Import Request.
  Time since last request: 247.285533 seconds.
  path: Assets
  artifactKey: Guid(00000000000000001000000000000000) Importer(815301076,1909f56bfc062723c751e8b465ee728b)
Start importing Assets using Guid(00000000000000001000000000000000) Importer(815301076,1909f56bfc062723c751e8b465ee728b)  -> (artifact id: '79842766b460edbeab6a34051e857a80') in 0.010030 seconds 
========================================================================
Received Import Request.
  Time since last request: 5.381885 seconds.
  path: Assets/Scripts.cs
  artifactKey: Guid(160db6cf23825934798ca08d676e2887) Importer(815301076,1909f56bfc062723c751e8b465ee728b)
Start importing Assets/Scripts.cs using Guid(160db6cf23825934798ca08d676e2887) Importer(815301076,1909f56bfc062723c751e8b465ee728b)  -> (artifact id: '3c0424c4696955c4775edd83af840185') in 0.007779 seconds 
========================================================================
Received Prepare
Registering precompiled user dll's ...
Registered in 0.004089 seconds.
Begin MonoManager ReloadAssembly
Symbol file LoadedFromMemory doesn't match image C:\Users\jiwon\Documents\GitHub\Bezier_Curves\Bezier_Curves\Library\PackageCache\com.unity.visualscripting@1.7.8\Editor\VisualScripting.Core\Dependencies\YamlDotNet\Unity.VisualScripting.YamlDotNet.dll
Symbol file LoadedFromMemory doesn't match image C:\Users\jiwon\Documents\GitHub\Bezier_Curves\Bezier_Curves\Library\PackageCache\com.unity.visualscripting@1.7.8\Editor\VisualScripting.Core\Dependencies\DotNetZip\Unity.VisualScripting.IonicZip.dll
Native extension for UWP target not found
Native extension for WindowsStandalone target not found
Native extension for WebGL target not found
Refreshing native plugins compatible for Editor in 0.57 ms, found 3 plugins.
Preloading 0 native plugins for Editor in 0.00 ms.
Mono: successfully reloaded assembly
- Completed reload, in  0.694 seconds
Domain Reload Profiling:
	ReloadAssembly (695ms)
		BeginReloadAssembly (109ms)
			ExecutionOrderSort (0ms)
			DisableScriptedObjects (4ms)
			BackupInstance (0ms)
			ReleaseScriptingObjects (0ms)
			CreateAndSetChildDomain (35ms)
		EndReloadAssembly (518ms)
			LoadAssemblies (60ms)
			RebuildTransferFunctionScriptingTraits (0ms)
			SetupTypeCache (164ms)
			ReleaseScriptCaches (1ms)
			RebuildScriptCaches (28ms)
			SetupLoadedEditorAssemblies (238ms)
				LogAssemblyErrors (0ms)
				InitializePlatformSupportModulesInManaged (11ms)
				SetLoadedEditorAssemblies (0ms)
				RefreshPlugins (1ms)
				BeforeProcessingInitializeOnLoad (57ms)
				ProcessInitializeOnLoadAttributes (144ms)
				ProcessInitializeOnLoadMethodAttributes (18ms)
				AfterProcessingInitializeOnLoad (6ms)
				EditorAssembliesLoaded (0ms)
			ExecutionOrderSort2 (0ms)
			AwakeInstancesAfterBackupRestoration (4ms)
Platform modules already initialized, skipping
Refreshing native plugins compatible for Editor in 2.68 ms, found 3 plugins.
Preloading 0 native plugins for Editor in 0.00 ms.
Unloading 3364 Unused Serialized files (Serialized files now loaded: 0)
Unloading 20 unused Assets / (78.6 KB). Loaded Objects now: 3887.
Memory consumption went from 134.5 MB to 134.5 MB.
Total: 2.645200 ms (FindLiveObjects: 0.252900 ms CreateObjectMapping: 0.080000 ms MarkObjects: 2.245600 ms  DeleteObjects: 0.065900 ms)

AssetImportParameters requested are different than current active one (requested -> active):
  custom:video-decoder-ogg-theora: a1e56fd34408186e4bbccfd4996cb3dc -> 
  custom:container-muxer-webm: aa71ff27fc2769a1b78a27578f13a17b -> 
  custom:container-demuxer-webm: 4f35f7cbe854078d1ac9338744f61a02 -> 
  custom:video-encoder-webm-vp8: eb34c28f22e8b96e1ab97ce403110664 -> 
  custom:audio-encoder-webm-vorbis: bf7c407c2cedff20999df2af8eb42d56 -> 
  custom:framework-win-MediaFoundation: 216162199b28c13a410421893ffa2e32 -> 
  custom:container-demuxer-ogg: 62fdf1f143b41e24485cea50d1cbac27 -> 
  custom:video-decoder-webm-vp8: 9c59270c3fd7afecdb556c50c9e8de78 -> 
  custom:audio-decoder-ogg-vorbis: bf7c407c2cedff20999df2af8eb42d56 -> 
========================================================================
Received Import Request.
  Time since last request: 28.649105 seconds.
  path: Assets/Scripts
  artifactKey: Guid(75ea4d11e9400d04fba957ca2389947f) Importer(815301076,1909f56bfc062723c751e8b465ee728b)
Start importing Assets/Scripts using Guid(75ea4d11e9400d04fba957ca2389947f) Importer(815301076,1909f56bfc062723c751e8b465ee728b)  -> (artifact id: 'b81b093eb13a68c1d5bbaa2963b8cdd1') in 0.006381 seconds 
========================================================================
Received Prepare
Registering precompiled user dll's ...
Registered in 0.005356 seconds.
Begin MonoManager ReloadAssembly
Symbol file LoadedFromMemory doesn't match image C:\Users\jiwon\Documents\GitHub\Bezier_Curves\Bezier_Curves\Library\PackageCache\com.unity.visualscripting@1.7.8\Editor\VisualScripting.Core\Dependencies\YamlDotNet\Unity.VisualScripting.YamlDotNet.dll
Symbol file LoadedFromMemory doesn't match image C:\Users\jiwon\Documents\GitHub\Bezier_Curves\Bezier_Curves\Library\PackageCache\com.unity.visualscripting@1.7.8\Editor\VisualScripting.Core\Dependencies\DotNetZip\Unity.VisualScripting.IonicZip.dll
Native extension for UWP target not found
Native extension for WindowsStandalone target not found
Native extension for WebGL target not found
Refreshing native plugins compatible for Editor in 0.59 ms, found 3 plugins.
Preloading 0 native plugins for Editor in 0.00 ms.
Mono: successfully reloaded assembly
- Completed reload, in  0.693 seconds
Domain Reload Profiling:
	ReloadAssembly (694ms)
		BeginReloadAssembly (100ms)
			ExecutionOrderSort (0ms)
			DisableScriptedObjects (4ms)
			BackupInstance (0ms)
			ReleaseScriptingObjects (0ms)
			CreateAndSetChildDomain (30ms)
		EndReloadAssembly (526ms)
			LoadAssemblies (58ms)
			RebuildTransferFunctionScriptingTraits (0ms)
			SetupTypeCache (162ms)
			ReleaseScriptCaches (1ms)
			RebuildScriptCaches (32ms)
			SetupLoadedEditorAssemblies (241ms)
				LogAssemblyErrors (0ms)
				InitializePlatformSupportModulesInManaged (12ms)
				SetLoadedEditorAssemblies (0ms)
				RefreshPlugins (1ms)
				BeforeProcessingInitializeOnLoad (57ms)
				ProcessInitializeOnLoadAttributes (148ms)
				ProcessInitializeOnLoadMethodAttributes (19ms)
				AfterProcessingInitializeOnLoad (5ms)
				EditorAssembliesLoaded (0ms)
			ExecutionOrderSort2 (0ms)
			AwakeInstancesAfterBackupRestoration (4ms)
Platform modules already initialized, skipping
Refreshing native plugins compatible for Editor in 2.83 ms, found 3 plugins.
Preloading 0 native plugins for Editor in 0.00 ms.
Unloading 3363 Unused Serialized files (Serialized files now loaded: 0)
Unloading 21 unused Assets / (78.7 KB). Loaded Objects now: 3889.
Memory consumption went from 134.5 MB to 134.5 MB.
Total: 2.549300 ms (FindLiveObjects: 0.246100 ms CreateObjectMapping: 0.081400 ms MarkObjects: 2.150400 ms  DeleteObjects: 0.070800 ms)

AssetImportParameters requested are different than current active one (requested -> active):
  custom:video-decoder-ogg-theora: a1e56fd34408186e4bbccfd4996cb3dc -> 
  custom:container-muxer-webm: aa71ff27fc2769a1b78a27578f13a17b -> 
  custom:container-demuxer-webm: 4f35f7cbe854078d1ac9338744f61a02 -> 
  custom:video-encoder-webm-vp8: eb34c28f22e8b96e1ab97ce403110664 -> 
  custom:audio-encoder-webm-vorbis: bf7c407c2cedff20999df2af8eb42d56 -> 
  custom:framework-win-MediaFoundation: 216162199b28c13a410421893ffa2e32 -> 
  custom:container-demuxer-ogg: 62fdf1f143b41e24485cea50d1cbac27 -> 
  custom:video-decoder-webm-vp8: 9c59270c3fd7afecdb556c50c9e8de78 -> 
  custom:audio-decoder-ogg-vorbis: bf7c407c2cedff20999df2af8eb42d56 -> 
========================================================================
Received Import Request.
  Time since last request: 20.511802 seconds.
  path: Assets/Scripts/Shooter.cs
  artifactKey: Guid(8aa4ccbdc0ed72a429305459ee8fe24e) Importer(815301076,1909f56bfc062723c751e8b465ee728b)
Start importing Assets/Scripts/Shooter.cs using Guid(8aa4ccbdc0ed72a429305459ee8fe24e) Importer(815301076,1909f56bfc062723c751e8b465ee728b)  -> (artifact id: '800abc31ddc8b3f97e165ebe47740619') in 0.008890 seconds 
========================================================================
Received Prepare
Registering precompiled user dll's ...
Registered in 0.005754 seconds.
Begin MonoManager ReloadAssembly
Symbol file LoadedFromMemory doesn't match image C:\Users\jiwon\Documents\GitHub\Bezier_Curves\Bezier_Curves\Library\PackageCache\com.unity.visualscripting@1.7.8\Editor\VisualScripting.Core\Dependencies\YamlDotNet\Unity.VisualScripting.YamlDotNet.dll
Symbol file LoadedFromMemory doesn't match image C:\Users\jiwon\Documents\GitHub\Bezier_Curves\Bezier_Curves\Library\PackageCache\com.unity.visualscripting@1.7.8\Editor\VisualScripting.Core\Dependencies\DotNetZip\Unity.VisualScripting.IonicZip.dll
Native extension for UWP target not found
Native extension for WindowsStandalone target not found
Native extension for WebGL target not found
Refreshing native plugins compatible for Editor in 0.51 ms, found 3 plugins.
Preloading 0 native plugins for Editor in 0.00 ms.
Mono: successfully reloaded assembly
- Completed reload, in  0.720 seconds
Domain Reload Profiling:
	ReloadAssembly (721ms)
		BeginReloadAssembly (109ms)
			ExecutionOrderSort (0ms)
			DisableScriptedObjects (4ms)
			BackupInstance (0ms)
			ReleaseScriptingObjects (0ms)
			CreateAndSetChildDomain (30ms)
		EndReloadAssembly (541ms)
			LoadAssemblies (67ms)
			RebuildTransferFunctionScriptingTraits (0ms)
			SetupTypeCache (166ms)
			ReleaseScriptCaches (1ms)
			RebuildScriptCaches (31ms)
			SetupLoadedEditorAssemblies (250ms)
				LogAssemblyErrors (0ms)
				InitializePlatformSupportModulesInManaged (12ms)
				SetLoadedEditorAssemblies (0ms)
				RefreshPlugins (1ms)
				BeforeProcessingInitializeOnLoad (55ms)
				ProcessInitializeOnLoadAttributes (154ms)
				ProcessInitializeOnLoadMethodAttributes (22ms)
				AfterProcessingInitializeOnLoad (8ms)
				EditorAssembliesLoaded (0ms)
			ExecutionOrderSort2 (0ms)
			AwakeInstancesAfterBackupRestoration (4ms)
Platform modules already initialized, skipping
Refreshing native plugins compatible for Editor in 2.89 ms, found 3 plugins.
Preloading 0 native plugins for Editor in 0.00 ms.
Unloading 3364 Unused Serialized files (Serialized files now loaded: 0)
Unloading 20 unused Assets / (78.6 KB). Loaded Objects now: 3893.
Memory consumption went from 134.6 MB to 134.5 MB.
Total: 2.570300 ms (FindLiveObjects: 0.242000 ms CreateObjectMapping: 0.077200 ms MarkObjects: 2.171900 ms  DeleteObjects: 0.078400 ms)

AssetImportParameters requested are different than current active one (requested -> active):
  custom:video-decoder-ogg-theora: a1e56fd34408186e4bbccfd4996cb3dc -> 
  custom:container-muxer-webm: aa71ff27fc2769a1b78a27578f13a17b -> 
  custom:container-demuxer-webm: 4f35f7cbe854078d1ac9338744f61a02 -> 
  custom:video-encoder-webm-vp8: eb34c28f22e8b96e1ab97ce403110664 -> 
  custom:audio-encoder-webm-vorbis: bf7c407c2cedff20999df2af8eb42d56 -> 
  custom:framework-win-MediaFoundation: 216162199b28c13a410421893ffa2e32 -> 
  custom:container-demuxer-ogg: 62fdf1f143b41e24485cea50d1cbac27 -> 
  custom:video-decoder-webm-vp8: 9c59270c3fd7afecdb556c50c9e8de78 -> 
  custom:audio-decoder-ogg-vorbis: bf7c407c2cedff20999df2af8eb42d56 -> 
========================================================================
Received Import Request.
  Time since last request: 515.703765 seconds.
  path: Assets/Scripts/Shooter.cs
  artifactKey: Guid(8aa4ccbdc0ed72a429305459ee8fe24e) Importer(815301076,1909f56bfc062723c751e8b465ee728b)
Start importing Assets/Scripts/Shooter.cs using Guid(8aa4ccbdc0ed72a429305459ee8fe24e) Importer(815301076,1909f56bfc062723c751e8b465ee728b)  -> (artifact id: 'eedfaec6ed5a06164d817ac147e74e9c') in 0.007436 seconds 
========================================================================
Received Import Request.
  Time since last request: 14.484706 seconds.
  path: Assets/Scripts/BezierMissile.cs
  artifactKey: Guid(a5ae8d450dd53c24bbcb0b891044c224) Importer(815301076,1909f56bfc062723c751e8b465ee728b)
Start importing Assets/Scripts/BezierMissile.cs using Guid(a5ae8d450dd53c24bbcb0b891044c224) Importer(815301076,1909f56bfc062723c751e8b465ee728b)  -> (artifact id: '9e614c6938c9ee3f4fc10b9700f99e06') in 0.004050 seconds 
========================================================================
Received Import Request.
  Time since last request: 1016.794488 seconds.
  path: Assets/Scripts/BezierMissile.cs
  artifactKey: Guid(a5ae8d450dd53c24bbcb0b891044c224) Importer(815301076,1909f56bfc062723c751e8b465ee728b)
Start importing Assets/Scripts/BezierMissile.cs using Guid(a5ae8d450dd53c24bbcb0b891044c224) Importer(815301076,1909f56bfc062723c751e8b465ee728b)  -> (artifact id: '031fddbd32a0acea46f3b839c9e1c170') in 0.001909 seconds 
========================================================================
Received Prepare
Registering precompiled user dll's ...
Registered in 0.003988 seconds.
Begin MonoManager ReloadAssembly
Symbol file LoadedFromMemory doesn't match image C:\Users\jiwon\Documents\GitHub\Bezier_Curves\Bezier_Curves\Library\PackageCache\com.unity.visualscripting@1.7.8\Editor\VisualScripting.Core\Dependencies\YamlDotNet\Unity.VisualScripting.YamlDotNet.dll
Symbol file LoadedFromMemory doesn't match image C:\Users\jiwon\Documents\GitHub\Bezier_Curves\Bezier_Curves\Library\PackageCache\com.unity.visualscripting@1.7.8\Editor\VisualScripting.Core\Dependencies\DotNetZip\Unity.VisualScripting.IonicZip.dll
Native extension for UWP target not found
Native extension for WindowsStandalone target not found
Native extension for WebGL target not found
Refreshing native plugins compatible for Editor in 0.70 ms, found 3 plugins.
Preloading 0 native plugins for Editor in 0.00 ms.
Mono: successfully reloaded assembly
- Completed reload, in  0.738 seconds
Domain Reload Profiling:
	ReloadAssembly (738ms)
		BeginReloadAssembly (108ms)
			ExecutionOrderSort (0ms)
			DisableScriptedObjects (5ms)
			BackupInstance (0ms)
			ReleaseScriptingObjects (0ms)
			CreateAndSetChildDomain (31ms)
		EndReloadAssembly (551ms)
			LoadAssemblies (64ms)
			RebuildTransferFunctionScriptingTraits (0ms)
			SetupTypeCache (170ms)
			ReleaseScriptCaches (1ms)
			RebuildScriptCaches (31ms)
			SetupLoadedEditorAssemblies (257ms)
				LogAssemblyErrors (0ms)
				InitializePlatformSupportModulesInManaged (13ms)
				SetLoadedEditorAssemblies (0ms)
				RefreshPlugins (1ms)
				BeforeProcessingInitializeOnLoad (63ms)
				ProcessInitializeOnLoadAttributes (153ms)
				ProcessInitializeOnLoadMethodAttributes (20ms)
				AfterProcessingInitializeOnLoad (7ms)
				EditorAssembliesLoaded (0ms)
			ExecutionOrderSort2 (0ms)
			AwakeInstancesAfterBackupRestoration (4ms)
Platform modules already initialized, skipping
Refreshing native plugins compatible for Editor in 2.70 ms, found 3 plugins.
Preloading 0 native plugins for Editor in 0.00 ms.
Unloading 3365 Unused Serialized files (Serialized files now loaded: 0)
Unloading 20 unused Assets / (78.6 KB). Loaded Objects now: 3897.
Memory consumption went from 134.6 MB to 134.5 MB.
Total: 2.735000 ms (FindLiveObjects: 0.247300 ms CreateObjectMapping: 0.073600 ms MarkObjects: 2.352200 ms  DeleteObjects: 0.061200 ms)

AssetImportParameters requested are different than current active one (requested -> active):
  custom:video-decoder-ogg-theora: a1e56fd34408186e4bbccfd4996cb3dc -> 
  custom:container-muxer-webm: aa71ff27fc2769a1b78a27578f13a17b -> 
  custom:container-demuxer-webm: 4f35f7cbe854078d1ac9338744f61a02 -> 
  custom:video-encoder-webm-vp8: eb34c28f22e8b96e1ab97ce403110664 -> 
  custom:audio-encoder-webm-vorbis: bf7c407c2cedff20999df2af8eb42d56 -> 
  custom:framework-win-MediaFoundation: 216162199b28c13a410421893ffa2e32 -> 
  custom:container-demuxer-ogg: 62fdf1f143b41e24485cea50d1cbac27 -> 
  custom:video-decoder-webm-vp8: 9c59270c3fd7afecdb556c50c9e8de78 -> 
  custom:audio-decoder-ogg-vorbis: bf7c407c2cedff20999df2af8eb42d56 -> 
========================================================================
Received Import Request.
  Time since last request: 64.313454 seconds.
  path: Assets/Kaisa/Prefabs/AsunaArmor/AsunaArmorShoulderLeft.prefab
  artifactKey: Guid(f88c60fb8ebc9c04b8357521b130d5d7) Importer(815301076,1909f56bfc062723c751e8b465ee728b)
Start importing Assets/Kaisa/Prefabs/AsunaArmor/AsunaArmorShoulderLeft.prefab using Guid(f88c60fb8ebc9c04b8357521b130d5d7) Importer(815301076,1909f56bfc062723c751e8b465ee728b)  -> (artifact id: 'cb3cfcbb1728bc86532111bf69a784bb') in 0.070125 seconds 
========================================================================
Received Import Request.
  Time since last request: 0.000021 seconds.
  path: Assets/Kaisa/Prefabs/AsunaArmor/AsunaArmorUpperArmRight.prefab
  artifactKey: Guid(5b93462a1975e2946aaa65e49ad6c017) Importer(815301076,1909f56bfc062723c751e8b465ee728b)
Start importing Assets/Kaisa/Prefabs/AsunaArmor/AsunaArmorUpperArmRight.prefab using Guid(5b93462a1975e2946aaa65e49ad6c017) Importer(815301076,1909f56bfc062723c751e8b465ee728b)  -> (artifact id: 'a69b3152f316bfbf73ecd965424a9ec5') in 0.017219 seconds 
========================================================================
Received Import Request.
  Time since last request: 0.000016 seconds.
  path: Assets/Kaisa/Prefabs/AsunaArmor/AsunaArmorKneeLeft.prefab
  artifactKey: Guid(501abf5dc02109d4ea075c4fce5b41d0) Importer(815301076,1909f56bfc062723c751e8b465ee728b)
Start importing Assets/Kaisa/Prefabs/AsunaArmor/AsunaArmorKneeLeft.prefab using Guid(501abf5dc02109d4ea075c4fce5b41d0) Importer(815301076,1909f56bfc062723c751e8b465ee728b)  -> (artifact id: 'e3979f0d594724fa4c31a3c3f3046ae6') in 0.015362 seconds 
========================================================================
Received Import Request.
  Time since last request: 0.000013 seconds.
  path: Assets/Kaisa/Prefabs/AsunaArmor/AsunaArmorShoulderRight.prefab
  artifactKey: Guid(a64a85a05149d3e4c9c214650f6a5cc9) Importer(815301076,1909f56bfc062723c751e8b465ee728b)
Start importing Assets/Kaisa/Prefabs/AsunaArmor/AsunaArmorShoulderRight.prefab using Guid(a64a85a05149d3e4c9c214650f6a5cc9) Importer(815301076,1909f56bfc062723c751e8b465ee728b)  -> (artifact id: '73fab4e5b3e2338b0207a4c62841a54a') in 0.016685 seconds 
========================================================================
Received Import Request.
  Time since last request: 0.000015 seconds.
  path: Assets/Kaisa/Prefabs/AsunaArmor/AsunaArmorUpperArmLeft.prefab
  artifactKey: Guid(9aed30026abb08544a0e1604a7f03803) Importer(815301076,1909f56bfc062723c751e8b465ee728b)
Start importing Assets/Kaisa/Prefabs/AsunaArmor/AsunaArmorUpperArmLeft.prefab using Guid(9aed30026abb08544a0e1604a7f03803) Importer(815301076,1909f56bfc062723c751e8b465ee728b)  -> (artifact id: '17d9212607e4c3de4d15e7407f8ad0ab') in 0.015554 seconds 
Editor requested this worker to shutdown with reason: Scaling down because of idle timeout
AssetImportWorker is now disconnected from the server
Process exiting
Exiting without the bug reporter. Application will terminate with return code 0