Using pre-set license
Built from '2021.3/staging' branch; Version is '2021.3.5f1 (40eb3a945986) revision 4254522'; Using compiler version '192829333'; Build Type 'Release'
OS: 'Windows 10  (10.0.19044) 64bit Professional' Language: 'ko' Physical Memory: 65460 MB
BatchMode: 1, IsHumanControllingUs: 0, StartBugReporterOnCrash: 0, Is64bit: 1, IsPro: 1

COMMAND LINE ARGUMENTS:
C:\Program Files\Unity\Hub\Editor\2021.3.5f1\Editor\Unity.exe
-adb2
-batchMode
-noUpm
-name
AssetImportWorker11
-projectPath
C:/Users/jiwon/Documents/GitHub/Bezier_Curves/Bezier_Curves
-logFile
Logs/AssetImportWorker11.log
-srvPort
65440
Successfully changed project path to: C:/Users/jiwon/Documents/GitHub/Bezier_Curves/Bezier_Curves
C:/Users/jiwon/Documents/GitHub/Bezier_Curves/Bezier_Curves
[UnityMemory] Configuration Parameters - Can be set up in boot.config
    "memorysetup-bucket-allocator-granularity=16"
    "memorysetup-bucket-allocator-bucket-count=8"
    "memorysetup-bucket-allocator-block-size=33554432"
    "memorysetup-bucket-allocator-block-count=8"
    "memorysetup-main-allocator-block-size=16777216"
    "memorysetup-thread-allocator-block-size=16777216"
    "memorysetup-gfx-main-allocator-block-size=16777216"
    "memorysetup-gfx-thread-allocator-block-size=16777216"
    "memorysetup-cache-allocator-block-size=4194304"
    "memorysetup-typetree-allocator-block-size=2097152"
    "memorysetup-profiler-bucket-allocator-granularity=16"
    "memorysetup-profiler-bucket-allocator-bucket-count=8"
    "memorysetup-profiler-bucket-allocator-block-size=33554432"
    "memorysetup-profiler-bucket-allocator-block-count=8"
    "memorysetup-profiler-allocator-block-size=16777216"
    "memorysetup-profiler-editor-allocator-block-size=1048576"
    "memorysetup-temp-allocator-size-main=16777216"
    "memorysetup-job-temp-allocator-block-size=2097152"
    "memorysetup-job-temp-allocator-block-size-background=1048576"
    "memorysetup-job-temp-allocator-reduction-small-platforms=262144"
    "memorysetup-temp-allocator-size-background-worker=32768"
    "memorysetup-temp-allocator-size-job-worker=262144"
    "memorysetup-temp-allocator-size-preload-manager=33554432"
    "memorysetup-temp-allocator-size-nav-mesh-worker=65536"
    "memorysetup-temp-allocator-size-audio-worker=65536"
    "memorysetup-temp-allocator-size-cloud-worker=32768"
    "memorysetup-temp-allocator-size-gi-baking-worker=262144"
    "memorysetup-temp-allocator-size-gfx=262144"
Refreshing native plugins compatible for Editor in 73.05 ms, found 3 plugins.
Preloading 0 native plugins for Editor in 0.00 ms.
Initialize engine version: 2021.3.5f1 (40eb3a945986)
[Subsystems] Discovering subsystems at path C:/Program Files/Unity/Hub/Editor/2021.3.5f1/Editor/Data/Resources/UnitySubsystems
[Subsystems] Discovering subsystems at path C:/Users/jiwon/Documents/GitHub/Bezier_Curves/Bezier_Curves/Assets
GfxDevice: creating device client; threaded=0; jobified=0
Direct3D:
    Version:  Direct3D 11.0 [level 11.1]
    Renderer: NVIDIA GeForce RTX 3090 (ID=0x2204)
    Vendor:   NVIDIA
    VRAM:     24348 MB
    Driver:   31.0.15.1694
Initialize mono
Mono path[0] = 'C:/Program Files/Unity/Hub/Editor/2021.3.5f1/Editor/Data/Managed'
Mono path[1] = 'C:/Program Files/Unity/Hub/Editor/2021.3.5f1/Editor/Data/MonoBleedingEdge/lib/mono/unityjit-win32'
Mono config path = 'C:/Program Files/Unity/Hub/Editor/2021.3.5f1/Editor/Data/MonoBleedingEdge/etc'
Using monoOptions --debugger-agent=transport=dt_socket,embedding=1,server=y,suspend=n,address=127.0.0.1:56884
Begin MonoManager ReloadAssembly
Registering precompiled unity dll's ...
Register platform support module: C:/Program Files/Unity/Hub/Editor/2021.3.5f1/Editor/Data/PlaybackEngines/WebGLSupport/UnityEditor.WebGL.Extensions.dll
Register platform support module: C:/Program Files/Unity/Hub/Editor/2021.3.5f1/Editor/Data/PlaybackEngines/WindowsStandaloneSupport/UnityEditor.WindowsStandalone.Extensions.dll
Register platform support module: C:/Program Files/Unity/Hub/Editor/2021.3.5f1/Editor/Data/PlaybackEngines/MetroSupport/UnityEditor.UWP.Extensions.dll
Registered in 0.007386 seconds.
Native extension for UWP target not found
Native extension for WindowsStandalone target not found
Native extension for WebGL target not found
Refreshing native plugins compatible for Editor in 62.43 ms, found 3 plugins.
Preloading 0 native plugins for Editor in 0.00 ms.
Mono: successfully reloaded assembly
- Completed reload, in  0.507 seconds
Domain Reload Profiling:
	ReloadAssembly (508ms)
		BeginReloadAssembly (60ms)
			ExecutionOrderSort (0ms)
			DisableScriptedObjects (0ms)
			BackupInstance (0ms)
			ReleaseScriptingObjects (0ms)
			CreateAndSetChildDomain (1ms)
		EndReloadAssembly (355ms)
			LoadAssemblies (58ms)
			RebuildTransferFunctionScriptingTraits (0ms)
			SetupTypeCache (87ms)
			ReleaseScriptCaches (0ms)
			RebuildScriptCaches (23ms)
			SetupLoadedEditorAssemblies (200ms)
				LogAssemblyErrors (0ms)
				InitializePlatformSupportModulesInManaged (10ms)
				SetLoadedEditorAssemblies (0ms)
				RefreshPlugins (62ms)
				BeforeProcessingInitializeOnLoad (1ms)
				ProcessInitializeOnLoadAttributes (94ms)
				ProcessInitializeOnLoadMethodAttributes (32ms)
				AfterProcessingInitializeOnLoad (0ms)
				EditorAssembliesLoaded (0ms)
			ExecutionOrderSort2 (0ms)
			AwakeInstancesAfterBackupRestoration (0ms)
Platform modules already initialized, skipping
Registering precompiled user dll's ...
Registered in 0.004714 seconds.
Begin MonoManager ReloadAssembly
Symbol file LoadedFromMemory doesn't match image C:\Users\jiwon\Documents\GitHub\Bezier_Curves\Bezier_Curves\Library\PackageCache\com.unity.visualscripting@1.7.8\Editor\VisualScripting.Core\Dependencies\YamlDotNet\Unity.VisualScripting.YamlDotNet.dll
Symbol file LoadedFromMemory doesn't match image C:\Users\jiwon\Documents\GitHub\Bezier_Curves\Bezier_Curves\Library\PackageCache\com.unity.visualscripting@1.7.8\Editor\VisualScripting.Core\Dependencies\DotNetZip\Unity.VisualScripting.IonicZip.dll
Native extension for UWP target not found
Native extension for WindowsStandalone target not found
Native extension for WebGL target not found
Refreshing native plugins compatible for Editor in 0.49 ms, found 3 plugins.
Preloading 0 native plugins for Editor in 0.00 ms.
Mono: successfully reloaded assembly
- Completed reload, in  0.747 seconds
Domain Reload Profiling:
	ReloadAssembly (748ms)
		BeginReloadAssembly (89ms)
			ExecutionOrderSort (0ms)
			DisableScriptedObjects (4ms)
			BackupInstance (0ms)
			ReleaseScriptingObjects (0ms)
			CreateAndSetChildDomain (17ms)
		EndReloadAssembly (576ms)
			LoadAssemblies (67ms)
			RebuildTransferFunctionScriptingTraits (0ms)
			SetupTypeCache (166ms)
			ReleaseScriptCaches (0ms)
			RebuildScriptCaches (36ms)
			SetupLoadedEditorAssemblies (283ms)
				LogAssemblyErrors (0ms)
				InitializePlatformSupportModulesInManaged (7ms)
				SetLoadedEditorAssemblies (0ms)
				RefreshPlugins (1ms)
				BeforeProcessingInitializeOnLoad (74ms)
				ProcessInitializeOnLoadAttributes (173ms)
				ProcessInitializeOnLoadMethodAttributes (22ms)
				AfterProcessingInitializeOnLoad (7ms)
				EditorAssembliesLoaded (0ms)
			ExecutionOrderSort2 (0ms)
			AwakeInstancesAfterBackupRestoration (5ms)
Platform modules already initialized, skipping
========================================================================
Worker process is ready to serve import requests
Launched and connected shader compiler UnityShaderCompiler.exe after 0.04 seconds
Refreshing native plugins compatible for Editor in 1.05 ms, found 3 plugins.
Preloading 0 native plugins for Editor in 0.00 ms.
Unloading 3368 Unused Serialized files (Serialized files now loaded: 0)
Unloading 27 unused Assets / (111.5 KB). Loaded Objects now: 3825.
Memory consumption went from 116.4 MB to 116.3 MB.
Total: 2.714400 ms (FindLiveObjects: 0.259200 ms CreateObjectMapping: 0.089700 ms MarkObjects: 2.283800 ms  DeleteObjects: 0.081100 ms)

AssetImportParameters requested are different than current active one (requested -> active):
  custom:video-decoder-ogg-theora: a1e56fd34408186e4bbccfd4996cb3dc -> 
  custom:container-muxer-webm: aa71ff27fc2769a1b78a27578f13a17b -> 
  custom:container-demuxer-webm: 4f35f7cbe854078d1ac9338744f61a02 -> 
  custom:video-encoder-webm-vp8: eb34c28f22e8b96e1ab97ce403110664 -> 
  custom:audio-encoder-webm-vorbis: bf7c407c2cedff20999df2af8eb42d56 -> 
  custom:framework-win-MediaFoundation: 216162199b28c13a410421893ffa2e32 -> 
  custom:container-demuxer-ogg: 62fdf1f143b41e24485cea50d1cbac27 -> 
  custom:video-decoder-webm-vp8: 9c59270c3fd7afecdb556c50c9e8de78 -> 
  custom:audio-decoder-ogg-vorbis: bf7c407c2cedff20999df2af8eb42d56 -> 
========================================================================
Received Import Request.
  Time since last request: 334162.793412 seconds.
  path: Assets/Kaisa/FBX/CharacterStandardAmmunition/9x19mmProjectile.fbx
  artifactKey: Guid(d1339379d734fc14c985566aebade11b) Importer(815301076,1909f56bfc062723c751e8b465ee728b)
Start importing Assets/Kaisa/FBX/CharacterStandardAmmunition/9x19mmProjectile.fbx using Guid(d1339379d734fc14c985566aebade11b) Importer(815301076,1909f56bfc062723c751e8b465ee728b)  -> (artifact id: '404466127f5ae55e4b021673c8008dd0') in 0.272706 seconds 
========================================================================
Received Import Request.
  Time since last request: 1.544102 seconds.
  path: Assets/Kaisa/FBX/CharacterStandardEquipment/ScifiHolsterBase.fbx
  artifactKey: Guid(6f94cf5d1df9b42429b54ab1faedaa03) Importer(815301076,1909f56bfc062723c751e8b465ee728b)
Start importing Assets/Kaisa/FBX/CharacterStandardEquipment/ScifiHolsterBase.fbx using Guid(6f94cf5d1df9b42429b54ab1faedaa03) Importer(815301076,1909f56bfc062723c751e8b465ee728b)  -> (artifact id: 'a01269ffdabce6bf40d638f5eedaea8c') in 0.233257 seconds 
========================================================================
Received Import Request.
  Time since last request: 0.000034 seconds.
  path: Assets/Kaisa/FBX/CharacterStandardEquipment/ScifiPistolMNL21MagazineFollower.fbx
  artifactKey: Guid(9106e0d4737b31b49aa564dea94b9bbb) Importer(815301076,1909f56bfc062723c751e8b465ee728b)
Start importing Assets/Kaisa/FBX/CharacterStandardEquipment/ScifiPistolMNL21MagazineFollower.fbx using Guid(9106e0d4737b31b49aa564dea94b9bbb) Importer(815301076,1909f56bfc062723c751e8b465ee728b)  -> (artifact id: 'fdf8225cb16d3fa720043116a477a6d5') in 0.108497 seconds 
========================================================================
Received Import Request.
  Time since last request: 0.000069 seconds.
  path: Assets/Kaisa/FBX/CharacterStandardEquipment/ScifiRifleWLT78Receiver.fbx
  artifactKey: Guid(b46ec1c3c7cc9a148a2df7236a50a4c0) Importer(815301076,1909f56bfc062723c751e8b465ee728b)
Start importing Assets/Kaisa/FBX/CharacterStandardEquipment/ScifiRifleWLT78Receiver.fbx using Guid(b46ec1c3c7cc9a148a2df7236a50a4c0) Importer(815301076,1909f56bfc062723c751e8b465ee728b)  -> (artifact id: '8aa05f4852cf600fd13a23dfb6b4b79a') in 0.082131 seconds 
========================================================================
Received Import Request.
  Time since last request: 18.496750 seconds.
  path: Assets/Kaisa/FBX/FreeTestCharacterAsuna/Materials/AsunaBodyBlue.mat
  artifactKey: Guid(bb59375e3408cc3479ac7726fbf75439) Importer(815301076,1909f56bfc062723c751e8b465ee728b)
Start importing Assets/Kaisa/FBX/FreeTestCharacterAsuna/Materials/AsunaBodyBlue.mat using Guid(bb59375e3408cc3479ac7726fbf75439) Importer(815301076,1909f56bfc062723c751e8b465ee728b)  -> (artifact id: '61c5747db5763daec957c122fba28858') in 0.173640 seconds 
========================================================================
Received Import Request.
  Time since last request: 0.000026 seconds.
  path: Assets/Kaisa/FBX/FreeTestCharacterAsuna/Materials/CharacterEyes.mat
  artifactKey: Guid(8c80f04cdf8d18b4d933d1e704d630ff) Importer(815301076,1909f56bfc062723c751e8b465ee728b)
Start importing Assets/Kaisa/FBX/FreeTestCharacterAsuna/Materials/CharacterEyes.mat using Guid(8c80f04cdf8d18b4d933d1e704d630ff) Importer(815301076,1909f56bfc062723c751e8b465ee728b)  -> (artifact id: '6a196e6b26b7f85d9576cdd9a74f1fbe') in 0.166816 seconds 
========================================================================
Received Import Request.
  Time since last request: 88.056707 seconds.
  path: Assets/Kaisa/Textures/AsunaHead/AsunaHeadDiffuse.png
  artifactKey: Guid(bff0d4631194d704a9dc5756cdc0f86a) Importer(815301076,1909f56bfc062723c751e8b465ee728b)
Start importing Assets/Kaisa/Textures/AsunaHead/AsunaHeadDiffuse.png using Guid(bff0d4631194d704a9dc5756cdc0f86a) Importer(815301076,1909f56bfc062723c751e8b465ee728b)  -> (artifact id: 'bbaaef5fc71fd2408dfe6d4aa9ca1be6') in 0.041011 seconds 
========================================================================
Received Import Request.
  Time since last request: 0.000017 seconds.
  path: Assets/Kaisa/Textures/AsunaHead/AsunaHeadNormal.png
  artifactKey: Guid(621be4ba148ad2f4bb921dd6e3db813d) Importer(815301076,1909f56bfc062723c751e8b465ee728b)
Start importing Assets/Kaisa/Textures/AsunaHead/AsunaHeadNormal.png using Guid(621be4ba148ad2f4bb921dd6e3db813d) Importer(815301076,1909f56bfc062723c751e8b465ee728b)  -> (artifact id: '8857ec600a73b329caf026bb51ae568b') in 0.035050 seconds 
========================================================================
Received Import Request.
  Time since last request: 25.556560 seconds.
  path: Assets/Kaisa/Textures/CharacterEyes/CharacterEyesBluePurpleIllumination.png
  artifactKey: Guid(6f50b127a34702f4cb5923a7e85eb403) Importer(815301076,1909f56bfc062723c751e8b465ee728b)
Start importing Assets/Kaisa/Textures/CharacterEyes/CharacterEyesBluePurpleIllumination.png using Guid(6f50b127a34702f4cb5923a7e85eb403) Importer(815301076,1909f56bfc062723c751e8b465ee728b)  -> (artifact id: '373c06455e816b9b6c835208b1e22b95') in 0.009852 seconds 
========================================================================
Received Import Request.
  Time since last request: 0.008042 seconds.
  path: Assets/Kaisa/Textures/CharacterEyes/CharacterEyesBrownAlbedo.png
  artifactKey: Guid(bbc3108b0c047f1498b2dd0e289c012e) Importer(815301076,1909f56bfc062723c751e8b465ee728b)
Start importing Assets/Kaisa/Textures/CharacterEyes/CharacterEyesBrownAlbedo.png using Guid(bbc3108b0c047f1498b2dd0e289c012e) Importer(815301076,1909f56bfc062723c751e8b465ee728b)  -> (artifact id: '59e4f3515e3366462a631e7f83d88e86') in 0.011595 seconds 
========================================================================
Received Import Request.
  Time since last request: 0.000018 seconds.
  path: Assets/Kaisa/Textures/CharacterEyes/CharacterEyesDarkBlueAlbedo.png
  artifactKey: Guid(e9c4897351322d64ab7cd6e206f9b12c) Importer(815301076,1909f56bfc062723c751e8b465ee728b)
Start importing Assets/Kaisa/Textures/CharacterEyes/CharacterEyesDarkBlueAlbedo.png using Guid(e9c4897351322d64ab7cd6e206f9b12c) Importer(815301076,1909f56bfc062723c751e8b465ee728b)  -> (artifact id: '9ab63bafd0a06ac6583c981ef975ea40') in 0.012018 seconds 
========================================================================
Received Import Request.
  Time since last request: 0.004001 seconds.
  path: Assets/Kaisa/Textures/CharacterEyes/CharacterEyesDemonicBlackAlbedo.png
  artifactKey: Guid(7b4558832dc4d4442b893e1c7e2af064) Importer(815301076,1909f56bfc062723c751e8b465ee728b)
Start importing Assets/Kaisa/Textures/CharacterEyes/CharacterEyesDemonicBlackAlbedo.png using Guid(7b4558832dc4d4442b893e1c7e2af064) Importer(815301076,1909f56bfc062723c751e8b465ee728b)  -> (artifact id: '1d4fd6efb5a65dab708c0dc72b0d472d') in 0.015069 seconds 
========================================================================
Received Import Request.
  Time since last request: 0.000017 seconds.
  path: Assets/Kaisa/Textures/CharacterEyes/CharacterEyesGreyIllumination.png
  artifactKey: Guid(2143f67d1478e2d4393e9426655c9a28) Importer(815301076,1909f56bfc062723c751e8b465ee728b)
Start importing Assets/Kaisa/Textures/CharacterEyes/CharacterEyesGreyIllumination.png using Guid(2143f67d1478e2d4393e9426655c9a28) Importer(815301076,1909f56bfc062723c751e8b465ee728b)  -> (artifact id: '9b679d21ce0d3ffdfbe5aa12b62f3379') in 0.016271 seconds 
========================================================================
Received Import Request.
  Time since last request: 0.000019 seconds.
  path: Assets/Kaisa/Textures/CharacterEyes/CharacterEyesTurquoiseIllumination.png
  artifactKey: Guid(3f0bd943822c0944b9a3ef9fc7035f15) Importer(815301076,1909f56bfc062723c751e8b465ee728b)
Start importing Assets/Kaisa/Textures/CharacterEyes/CharacterEyesTurquoiseIllumination.png using Guid(3f0bd943822c0944b9a3ef9fc7035f15) Importer(815301076,1909f56bfc062723c751e8b465ee728b)  -> (artifact id: 'dd583d01500cc2884a585d00ea1d96b9') in 0.010647 seconds 
========================================================================
Received Import Request.
  Time since last request: 0.000018 seconds.
  path: Assets/Kaisa/Textures/CharacterEyes/CharacterEyesDemonicRedAlbedo.png
  artifactKey: Guid(9a4bb7696c350a44a803c432aff9fb8a) Importer(815301076,1909f56bfc062723c751e8b465ee728b)
Start importing Assets/Kaisa/Textures/CharacterEyes/CharacterEyesDemonicRedAlbedo.png using Guid(9a4bb7696c350a44a803c432aff9fb8a) Importer(815301076,1909f56bfc062723c751e8b465ee728b)  -> (artifact id: 'b4933a527c51513f4ee66afc801c47c5') in 0.009319 seconds 
========================================================================
Received Import Request.
  Time since last request: 0.000013 seconds.
  path: Assets/Kaisa/Textures/CharacterEyes/CharacterEyesLightGreenAlbedo.png
  artifactKey: Guid(213215b8b47d51f4b9f91755b028199f) Importer(815301076,1909f56bfc062723c751e8b465ee728b)
Start importing Assets/Kaisa/Textures/CharacterEyes/CharacterEyesLightGreenAlbedo.png using Guid(213215b8b47d51f4b9f91755b028199f) Importer(815301076,1909f56bfc062723c751e8b465ee728b)  -> (artifact id: '6d886f1ec92d01d9e37ef4f69fffb540') in 0.009331 seconds 
========================================================================
Received Import Request.
  Time since last request: 0.000021 seconds.
  path: Assets/Kaisa/Textures/CharacterEyes/CharacterEyesDarkBlueIllumination.png
  artifactKey: Guid(d459da12d8f0f594bb09119dbdf4f5f1) Importer(815301076,1909f56bfc062723c751e8b465ee728b)
Start importing Assets/Kaisa/Textures/CharacterEyes/CharacterEyesDarkBlueIllumination.png using Guid(d459da12d8f0f594bb09119dbdf4f5f1) Importer(815301076,1909f56bfc062723c751e8b465ee728b)  -> (artifact id: '94ac4947b76b4e21cd9e11e02334073a') in 0.009172 seconds 
========================================================================
Received Import Request.
  Time since last request: 0.000021 seconds.
  path: Assets/Kaisa/Textures/CharacterEyes/CharacterEyesBrightRedIllumination.png
  artifactKey: Guid(74be49b9fa7419642be8629f17e40fa6) Importer(815301076,1909f56bfc062723c751e8b465ee728b)
Start importing Assets/Kaisa/Textures/CharacterEyes/CharacterEyesBrightRedIllumination.png using Guid(74be49b9fa7419642be8629f17e40fa6) Importer(815301076,1909f56bfc062723c751e8b465ee728b)  -> (artifact id: '17538a56c6bbbc3c72db43ffc18a7d0b') in 0.010651 seconds 
========================================================================
Received Import Request.
  Time since last request: 0.000015 seconds.
  path: Assets/Kaisa/Textures/CharacterEyes/CharacterEyesTurquoiseAlbedo.png
  artifactKey: Guid(293e73d6e5e61c34f823b572028cfeca) Importer(815301076,1909f56bfc062723c751e8b465ee728b)
Start importing Assets/Kaisa/Textures/CharacterEyes/CharacterEyesTurquoiseAlbedo.png using Guid(293e73d6e5e61c34f823b572028cfeca) Importer(815301076,1909f56bfc062723c751e8b465ee728b)  -> (artifact id: '6601332070297e144bab27eefebd6f09') in 0.010660 seconds 
========================================================================
Received Import Request.
  Time since last request: 0.000013 seconds.
  path: Assets/Kaisa/Textures/CharacterEyes/CharacterEyesDarkRedIllumination.png
  artifactKey: Guid(7f44b72a8d910384e8dc7f99fd8a8449) Importer(815301076,1909f56bfc062723c751e8b465ee728b)
Start importing Assets/Kaisa/Textures/CharacterEyes/CharacterEyesDarkRedIllumination.png using Guid(7f44b72a8d910384e8dc7f99fd8a8449) Importer(815301076,1909f56bfc062723c751e8b465ee728b)  -> (artifact id: 'f3aa1cbaff27c52bb5fc5fa0b922c8d4') in 0.008102 seconds 
========================================================================
Received Import Request.
  Time since last request: 0.000015 seconds.
  path: Assets/Kaisa/Textures/CharacterEyes/CharacterEyesDarkGreenAlbedo.png
  artifactKey: Guid(65e2434b9f7ef8042b7430cf6b58b2fa) Importer(815301076,1909f56bfc062723c751e8b465ee728b)
Start importing Assets/Kaisa/Textures/CharacterEyes/CharacterEyesDarkGreenAlbedo.png using Guid(65e2434b9f7ef8042b7430cf6b58b2fa) Importer(815301076,1909f56bfc062723c751e8b465ee728b)  -> (artifact id: '7a95211ccf17438af0ca28645fc8044d') in 0.009263 seconds 
========================================================================
Received Import Request.
  Time since last request: 0.000019 seconds.
  path: Assets/Kaisa/Textures/CharacterEyes/CharacterEyesGreyAlbedo.png
  artifactKey: Guid(622fa7e14ff53cf438ff0c03869b3f78) Importer(815301076,1909f56bfc062723c751e8b465ee728b)
Start importing Assets/Kaisa/Textures/CharacterEyes/CharacterEyesGreyAlbedo.png using Guid(622fa7e14ff53cf438ff0c03869b3f78) Importer(815301076,1909f56bfc062723c751e8b465ee728b)  -> (artifact id: 'a81d6f6ae798a1c5445eabf32f3a982b') in 0.010759 seconds 
========================================================================
Received Import Request.
  Time since last request: 0.000017 seconds.
  path: Assets/Kaisa/Textures/CharacterEyes/CharacterEyesYellowAlbedo.png
  artifactKey: Guid(af00ef372ff963a4593c7293dde54aa6) Importer(815301076,1909f56bfc062723c751e8b465ee728b)
Start importing Assets/Kaisa/Textures/CharacterEyes/CharacterEyesYellowAlbedo.png using Guid(af00ef372ff963a4593c7293dde54aa6) Importer(815301076,1909f56bfc062723c751e8b465ee728b)  -> (artifact id: '747751cd0250665d8cd3d38a8b1b6f83') in 0.010166 seconds 
========================================================================
Received Import Request.
  Time since last request: 0.000017 seconds.
  path: Assets/Kaisa/Textures/CharacterEyes/CharacterEyesDarkGreenIllumination.png
  artifactKey: Guid(b5a1102800cf2b5478dc5ea42849dc1e) Importer(815301076,1909f56bfc062723c751e8b465ee728b)
Start importing Assets/Kaisa/Textures/CharacterEyes/CharacterEyesDarkGreenIllumination.png using Guid(b5a1102800cf2b5478dc5ea42849dc1e) Importer(815301076,1909f56bfc062723c751e8b465ee728b)  -> (artifact id: '40ff62cc313f7ef8b496fe9e8d0b1488') in 0.010074 seconds 
========================================================================
Received Import Request.
  Time since last request: 7.212218 seconds.
  path: Assets/Kaisa/Textures/AsunaArmor/AsunaArmorNormal.png
  artifactKey: Guid(06875921ad36fe54db5c90a582dcb18b) Importer(815301076,1909f56bfc062723c751e8b465ee728b)
Start importing Assets/Kaisa/Textures/AsunaArmor/AsunaArmorNormal.png using Guid(06875921ad36fe54db5c90a582dcb18b) Importer(815301076,1909f56bfc062723c751e8b465ee728b)  -> (artifact id: 'f20a76e9202a6ef931ece1afc1f280fb') in 0.021728 seconds 
========================================================================
Received Import Request.
  Time since last request: 0.647860 seconds.
  path: Assets/Kaisa/Textures/MetalnessDefault.png
  artifactKey: Guid(20e4bb569834c1543b0d9f7334f77611) Importer(815301076,1909f56bfc062723c751e8b465ee728b)
Start importing Assets/Kaisa/Textures/MetalnessDefault.png using Guid(20e4bb569834c1543b0d9f7334f77611) Importer(815301076,1909f56bfc062723c751e8b465ee728b)  -> (artifact id: '4afbb53dddfaef8f4c09be15097e5cd4') in 0.014339 seconds 
========================================================================
Received Import Request.
  Time since last request: 20.580724 seconds.
  path: Assets/Kaisa/Textures/AsunaEyelashesBrows/AsunaEyelashesBrowsPBRMetalness.tga
  artifactKey: Guid(748ca306c2ad05a44b1050271774a6b1) Importer(815301076,1909f56bfc062723c751e8b465ee728b)
Start importing Assets/Kaisa/Textures/AsunaEyelashesBrows/AsunaEyelashesBrowsPBRMetalness.tga using Guid(748ca306c2ad05a44b1050271774a6b1) Importer(815301076,1909f56bfc062723c751e8b465ee728b)  -> (artifact id: 'a901af5ed9e713729c5ea0f2996e29da') in 0.013878 seconds 
========================================================================
Received Import Request.
  Time since last request: 1.201752 seconds.
  path: Assets/Kaisa/Textures/AsunaBody/AsunaBodyNormal.png
  artifactKey: Guid(cceea214816feab4abc7f2d605d72be6) Importer(815301076,1909f56bfc062723c751e8b465ee728b)
Start importing Assets/Kaisa/Textures/AsunaBody/AsunaBodyNormal.png using Guid(cceea214816feab4abc7f2d605d72be6) Importer(815301076,1909f56bfc062723c751e8b465ee728b)  -> (artifact id: 'c4df7d5928062b03cb1fb9654ac814f3') in 0.045909 seconds 
========================================================================
Received Import Request.
  Time since last request: 3.655303 seconds.
  path: Assets/Kaisa/Textures/CharacterStandardAmmunition/CharacterStandardAmmunitionNormal.png
  artifactKey: Guid(141b9f657d3ab474ba18678510e7a230) Importer(815301076,1909f56bfc062723c751e8b465ee728b)
Start importing Assets/Kaisa/Textures/CharacterStandardAmmunition/CharacterStandardAmmunitionNormal.png using Guid(141b9f657d3ab474ba18678510e7a230) Importer(815301076,1909f56bfc062723c751e8b465ee728b)  -> (artifact id: '6c3ec1dbf71e944e02567ae18bd5c28c') in 0.010660 seconds 
========================================================================
Received Import Request.
  Time since last request: 1.502218 seconds.
  path: Assets/Kaisa/Textures/CharacterStandardEquipment/CharacterStandardEquipmentNormal.png
  artifactKey: Guid(7d1dc0f269807d549a15ce787bb63b23) Importer(815301076,1909f56bfc062723c751e8b465ee728b)
Start importing Assets/Kaisa/Textures/CharacterStandardEquipment/CharacterStandardEquipmentNormal.png using Guid(7d1dc0f269807d549a15ce787bb63b23) Importer(815301076,1909f56bfc062723c751e8b465ee728b)  -> (artifact id: 'e808a850e652bf7c4df21cbc8269882b') in 0.040422 seconds 
========================================================================
Received Prepare
Registering precompiled user dll's ...
Registered in 0.007334 seconds.
Begin MonoManager ReloadAssembly
Symbol file LoadedFromMemory doesn't match image C:\Users\jiwon\Documents\GitHub\Bezier_Curves\Bezier_Curves\Library\PackageCache\com.unity.visualscripting@1.7.8\Editor\VisualScripting.Core\Dependencies\YamlDotNet\Unity.VisualScripting.YamlDotNet.dll
Symbol file LoadedFromMemory doesn't match image C:\Users\jiwon\Documents\GitHub\Bezier_Curves\Bezier_Curves\Library\PackageCache\com.unity.visualscripting@1.7.8\Editor\VisualScripting.Core\Dependencies\DotNetZip\Unity.VisualScripting.IonicZip.dll
Native extension for UWP target not found
Native extension for WindowsStandalone target not found
Native extension for WebGL target not found
Refreshing native plugins compatible for Editor in 0.51 ms, found 3 plugins.
Preloading 0 native plugins for Editor in 0.00 ms.
Mono: successfully reloaded assembly
- Completed reload, in  0.738 seconds
Domain Reload Profiling:
	ReloadAssembly (739ms)
		BeginReloadAssembly (111ms)
			ExecutionOrderSort (0ms)
			DisableScriptedObjects (4ms)
			BackupInstance (0ms)
			ReleaseScriptingObjects (0ms)
			CreateAndSetChildDomain (33ms)
		EndReloadAssembly (556ms)
			LoadAssemblies (66ms)
			RebuildTransferFunctionScriptingTraits (0ms)
			SetupTypeCache (171ms)
			ReleaseScriptCaches (1ms)
			RebuildScriptCaches (32ms)
			SetupLoadedEditorAssemblies (258ms)
				LogAssemblyErrors (0ms)
				InitializePlatformSupportModulesInManaged (12ms)
				SetLoadedEditorAssemblies (0ms)
				RefreshPlugins (1ms)
				BeforeProcessingInitializeOnLoad (65ms)
				ProcessInitializeOnLoadAttributes (153ms)
				ProcessInitializeOnLoadMethodAttributes (21ms)
				AfterProcessingInitializeOnLoad (7ms)
				EditorAssembliesLoaded (0ms)
			ExecutionOrderSort2 (0ms)
			AwakeInstancesAfterBackupRestoration (4ms)
Platform modules already initialized, skipping
Refreshing native plugins compatible for Editor in 2.55 ms, found 3 plugins.
Preloading 0 native plugins for Editor in 0.00 ms.
Unloading 3363 Unused Serialized files (Serialized files now loaded: 0)
Unloading 20 unused Assets / (78.7 KB). Loaded Objects now: 3873.
Memory consumption went from 121.2 MB to 121.1 MB.
Total: 2.881900 ms (FindLiveObjects: 0.279600 ms CreateObjectMapping: 0.126000 ms MarkObjects: 2.407400 ms  DeleteObjects: 0.067800 ms)

AssetImportParameters requested are different than current active one (requested -> active):
  custom:video-decoder-ogg-theora: a1e56fd34408186e4bbccfd4996cb3dc -> 
  custom:container-muxer-webm: aa71ff27fc2769a1b78a27578f13a17b -> 
  custom:container-demuxer-webm: 4f35f7cbe854078d1ac9338744f61a02 -> 
  custom:video-encoder-webm-vp8: eb34c28f22e8b96e1ab97ce403110664 -> 
  custom:audio-encoder-webm-vorbis: bf7c407c2cedff20999df2af8eb42d56 -> 
  custom:framework-win-MediaFoundation: 216162199b28c13a410421893ffa2e32 -> 
  custom:container-demuxer-ogg: 62fdf1f143b41e24485cea50d1cbac27 -> 
  custom:video-decoder-webm-vp8: 9c59270c3fd7afecdb556c50c9e8de78 -> 
  custom:audio-decoder-ogg-vorbis: bf7c407c2cedff20999df2af8eb42d56 -> 
========================================================================
Received Import Request.
  Time since last request: 50.467842 seconds.
  path: Assets/BackGround/Models/Bush_02.fbx
  artifactKey: Guid(ba52853a69186a841a52a9cc2e9b77fa) Importer(815301076,1909f56bfc062723c751e8b465ee728b)
Start importing Assets/BackGround/Models/Bush_02.fbx using Guid(ba52853a69186a841a52a9cc2e9b77fa) Importer(815301076,1909f56bfc062723c751e8b465ee728b)  -> (artifact id: '746fda2829323a2d34fb7796c436f526') in 0.084447 seconds 
========================================================================
Received Import Request.
  Time since last request: 0.000018 seconds.
  path: Assets/BackGround/Models/Rock_02.fbx
  artifactKey: Guid(3a775dc2c1a334b45a5667a56fe92c23) Importer(815301076,1909f56bfc062723c751e8b465ee728b)
Start importing Assets/BackGround/Models/Rock_02.fbx using Guid(3a775dc2c1a334b45a5667a56fe92c23) Importer(815301076,1909f56bfc062723c751e8b465ee728b)  -> (artifact id: '8ece9462f76099caacf25973b6f7ac1b') in 0.015777 seconds 
========================================================================
Received Import Request.
  Time since last request: 0.000022 seconds.
  path: Assets/BackGround/Models/Tree_04.fbx
  artifactKey: Guid(83e8d2542718a2e49a73d71c3a5fc685) Importer(815301076,1909f56bfc062723c751e8b465ee728b)
Start importing Assets/BackGround/Models/Tree_04.fbx using Guid(83e8d2542718a2e49a73d71c3a5fc685) Importer(815301076,1909f56bfc062723c751e8b465ee728b)  -> (artifact id: '2690fdd16c62a85ab544c7109f360082') in 0.014036 seconds 
========================================================================
Received Import Request.
  Time since last request: 0.000019 seconds.
  path: Assets/BackGround/Models/Ground_02.fbx
  artifactKey: Guid(57d3eed6d2253d24994d5ad37e00aedc) Importer(815301076,1909f56bfc062723c751e8b465ee728b)
Start importing Assets/BackGround/Models/Ground_02.fbx using Guid(57d3eed6d2253d24994d5ad37e00aedc) Importer(815301076,1909f56bfc062723c751e8b465ee728b)  -> (artifact id: 'e5c0e054afda402a98c1d3080a90079e') in 0.019130 seconds 
========================================================================
Received Import Request.
  Time since last request: 0.000017 seconds.
  path: Assets/BackGround/Models/Tree_05.fbx
  artifactKey: Guid(603970f97e50c56488ec3c5a6febd940) Importer(815301076,1909f56bfc062723c751e8b465ee728b)
Start importing Assets/BackGround/Models/Tree_05.fbx using Guid(603970f97e50c56488ec3c5a6febd940) Importer(815301076,1909f56bfc062723c751e8b465ee728b)  -> (artifact id: 'b9be453aa968b356a4d0ef692cdb36d6') in 0.020320 seconds 
========================================================================
Received Import Request.
  Time since last request: 0.000016 seconds.
  path: Assets/BackGround/Models/Grass_02.fbx
  artifactKey: Guid(638dc165572d2a84081d13ce1afb4d52) Importer(815301076,1909f56bfc062723c751e8b465ee728b)
Start importing Assets/BackGround/Models/Grass_02.fbx using Guid(638dc165572d2a84081d13ce1afb4d52) Importer(815301076,1909f56bfc062723c751e8b465ee728b)  -> (artifact id: 'f1fb1454a80338a7f9a64a1b830466f7') in 0.021461 seconds 
========================================================================
Received Import Request.
  Time since last request: 0.000022 seconds.
  path: Assets/BackGround/Models/Grass_01.fbx
  artifactKey: Guid(ad3119cbd6dce024e8460ef32dec49df) Importer(815301076,1909f56bfc062723c751e8b465ee728b)
Start importing Assets/BackGround/Models/Grass_01.fbx using Guid(ad3119cbd6dce024e8460ef32dec49df) Importer(815301076,1909f56bfc062723c751e8b465ee728b)  -> (artifact id: '7709276a158330b52919b76af4b532de') in 0.013836 seconds 
========================================================================
Received Import Request.
  Time since last request: 19.175685 seconds.
  path: Assets/Kaisa/Prefabs/CharacterStandardEquipment/ScifiPistolMNL21MagazineFull.prefab
  artifactKey: Guid(9931aeae3fa09b844bfbcbcdce8e256f) Importer(815301076,1909f56bfc062723c751e8b465ee728b)
Start importing Assets/Kaisa/Prefabs/CharacterStandardEquipment/ScifiPistolMNL21MagazineFull.prefab using Guid(9931aeae3fa09b844bfbcbcdce8e256f) Importer(815301076,1909f56bfc062723c751e8b465ee728b)  -> (artifact id: '2dfaac06631d427072657350665a03f9') in 0.132867 seconds 
========================================================================
Received Prepare
Registering precompiled user dll's ...
Registered in 0.006513 seconds.
Begin MonoManager ReloadAssembly
Symbol file LoadedFromMemory doesn't match image C:\Users\jiwon\Documents\GitHub\Bezier_Curves\Bezier_Curves\Library\PackageCache\com.unity.visualscripting@1.7.8\Editor\VisualScripting.Core\Dependencies\YamlDotNet\Unity.VisualScripting.YamlDotNet.dll
Symbol file LoadedFromMemory doesn't match image C:\Users\jiwon\Documents\GitHub\Bezier_Curves\Bezier_Curves\Library\PackageCache\com.unity.visualscripting@1.7.8\Editor\VisualScripting.Core\Dependencies\DotNetZip\Unity.VisualScripting.IonicZip.dll
Native extension for UWP target not found
Native extension for WindowsStandalone target not found
Native extension for WebGL target not found
Refreshing native plugins compatible for Editor in 0.55 ms, found 3 plugins.
Preloading 0 native plugins for Editor in 0.00 ms.
Mono: successfully reloaded assembly
- Completed reload, in  0.819 seconds
Domain Reload Profiling:
	ReloadAssembly (820ms)
		BeginReloadAssembly (125ms)
			ExecutionOrderSort (0ms)
			DisableScriptedObjects (4ms)
			BackupInstance (0ms)
			ReleaseScriptingObjects (0ms)
			CreateAndSetChildDomain (34ms)
		EndReloadAssembly (601ms)
			LoadAssemblies (88ms)
			RebuildTransferFunctionScriptingTraits (0ms)
			SetupTypeCache (176ms)
			ReleaseScriptCaches (1ms)
			RebuildScriptCaches (36ms)
			SetupLoadedEditorAssemblies (275ms)
				LogAssemblyErrors (0ms)
				InitializePlatformSupportModulesInManaged (17ms)
				SetLoadedEditorAssemblies (0ms)
				RefreshPlugins (1ms)
				BeforeProcessingInitializeOnLoad (63ms)
				ProcessInitializeOnLoadAttributes (163ms)
				ProcessInitializeOnLoadMethodAttributes (22ms)
				AfterProcessingInitializeOnLoad (10ms)
				EditorAssembliesLoaded (0ms)
			ExecutionOrderSort2 (0ms)
			AwakeInstancesAfterBackupRestoration (5ms)
Platform modules already initialized, skipping
Refreshing native plugins compatible for Editor in 2.42 ms, found 3 plugins.
Preloading 0 native plugins for Editor in 0.00 ms.
Unloading 3363 Unused Serialized files (Serialized files now loaded: 0)
Unloading 20 unused Assets / (78.6 KB). Loaded Objects now: 3877.
Memory consumption went from 121.4 MB to 121.3 MB.
Total: 4.183000 ms (FindLiveObjects: 0.477800 ms CreateObjectMapping: 0.114300 ms MarkObjects: 3.494400 ms  DeleteObjects: 0.095800 ms)

AssetImportParameters requested are different than current active one (requested -> active):
  custom:video-decoder-ogg-theora: a1e56fd34408186e4bbccfd4996cb3dc -> 
  custom:container-muxer-webm: aa71ff27fc2769a1b78a27578f13a17b -> 
  custom:container-demuxer-webm: 4f35f7cbe854078d1ac9338744f61a02 -> 
  custom:video-encoder-webm-vp8: eb34c28f22e8b96e1ab97ce403110664 -> 
  custom:audio-encoder-webm-vorbis: bf7c407c2cedff20999df2af8eb42d56 -> 
  custom:framework-win-MediaFoundation: 216162199b28c13a410421893ffa2e32 -> 
  custom:container-demuxer-ogg: 62fdf1f143b41e24485cea50d1cbac27 -> 
  custom:video-decoder-webm-vp8: 9c59270c3fd7afecdb556c50c9e8de78 -> 
  custom:audio-decoder-ogg-vorbis: bf7c407c2cedff20999df2af8eb42d56 -> 
Editor requested this worker to shutdown with reason: Scaling down because of idle timeout
AssetImportWorker is now disconnected from the server
Process exiting
Exiting without the bug reporter. Application will terminate with return code 0