Using pre-set license
Built from '2021.3/staging' branch; Version is '2021.3.5f1 (40eb3a945986) revision 4254522'; Using compiler version '192829333'; Build Type 'Release'
OS: 'Windows 10  (10.0.19044) 64bit Professional' Language: 'ko' Physical Memory: 65460 MB
BatchMode: 1, IsHumanControllingUs: 0, StartBugReporterOnCrash: 0, Is64bit: 1, IsPro: 1

COMMAND LINE ARGUMENTS:
C:\Program Files\Unity\Hub\Editor\2021.3.5f1\Editor\Unity.exe
-adb2
-batchMode
-noUpm
-name
AssetImportWorker3
-projectPath
C:/Users/jiwon/Documents/GitHub/Bezier_Curves/Bezier_Curves
-logFile
Logs/AssetImportWorker3.log
-srvPort
65440
Successfully changed project path to: C:/Users/jiwon/Documents/GitHub/Bezier_Curves/Bezier_Curves
C:/Users/jiwon/Documents/GitHub/Bezier_Curves/Bezier_Curves
[UnityMemory] Configuration Parameters - Can be set up in boot.config
    "memorysetup-bucket-allocator-granularity=16"
    "memorysetup-bucket-allocator-bucket-count=8"
    "memorysetup-bucket-allocator-block-size=33554432"
    "memorysetup-bucket-allocator-block-count=8"
    "memorysetup-main-allocator-block-size=16777216"
    "memorysetup-thread-allocator-block-size=16777216"
    "memorysetup-gfx-main-allocator-block-size=16777216"
    "memorysetup-gfx-thread-allocator-block-size=16777216"
    "memorysetup-cache-allocator-block-size=4194304"
    "memorysetup-typetree-allocator-block-size=2097152"
    "memorysetup-profiler-bucket-allocator-granularity=16"
    "memorysetup-profiler-bucket-allocator-bucket-count=8"
    "memorysetup-profiler-bucket-allocator-block-size=33554432"
    "memorysetup-profiler-bucket-allocator-block-count=8"
    "memorysetup-profiler-allocator-block-size=16777216"
    "memorysetup-profiler-editor-allocator-block-size=1048576"
    "memorysetup-temp-allocator-size-main=16777216"
    "memorysetup-job-temp-allocator-block-size=2097152"
    "memorysetup-job-temp-allocator-block-size-background=1048576"
    "memorysetup-job-temp-allocator-reduction-small-platforms=262144"
    "memorysetup-temp-allocator-size-background-worker=32768"
    "memorysetup-temp-allocator-size-job-worker=262144"
    "memorysetup-temp-allocator-size-preload-manager=33554432"
    "memorysetup-temp-allocator-size-nav-mesh-worker=65536"
    "memorysetup-temp-allocator-size-audio-worker=65536"
    "memorysetup-temp-allocator-size-cloud-worker=32768"
    "memorysetup-temp-allocator-size-gi-baking-worker=262144"
    "memorysetup-temp-allocator-size-gfx=262144"
Refreshing native plugins compatible for Editor in 70.89 ms, found 3 plugins.
Preloading 0 native plugins for Editor in 0.00 ms.
Initialize engine version: 2021.3.5f1 (40eb3a945986)
[Subsystems] Discovering subsystems at path C:/Program Files/Unity/Hub/Editor/2021.3.5f1/Editor/Data/Resources/UnitySubsystems
[Subsystems] Discovering subsystems at path C:/Users/jiwon/Documents/GitHub/Bezier_Curves/Bezier_Curves/Assets
GfxDevice: creating device client; threaded=0; jobified=0
Direct3D:
    Version:  Direct3D 11.0 [level 11.1]
    Renderer: NVIDIA GeForce RTX 3090 (ID=0x2204)
    Vendor:   NVIDIA
    VRAM:     24348 MB
    Driver:   31.0.15.1694
Initialize mono
Mono path[0] = 'C:/Program Files/Unity/Hub/Editor/2021.3.5f1/Editor/Data/Managed'
Mono path[1] = 'C:/Program Files/Unity/Hub/Editor/2021.3.5f1/Editor/Data/MonoBleedingEdge/lib/mono/unityjit-win32'
Mono config path = 'C:/Program Files/Unity/Hub/Editor/2021.3.5f1/Editor/Data/MonoBleedingEdge/etc'
Using monoOptions --debugger-agent=transport=dt_socket,embedding=1,server=y,suspend=n,address=127.0.0.1:56816
Begin MonoManager ReloadAssembly
Registering precompiled unity dll's ...
Register platform support module: C:/Program Files/Unity/Hub/Editor/2021.3.5f1/Editor/Data/PlaybackEngines/WebGLSupport/UnityEditor.WebGL.Extensions.dll
Register platform support module: C:/Program Files/Unity/Hub/Editor/2021.3.5f1/Editor/Data/PlaybackEngines/WindowsStandaloneSupport/UnityEditor.WindowsStandalone.Extensions.dll
Register platform support module: C:/Program Files/Unity/Hub/Editor/2021.3.5f1/Editor/Data/PlaybackEngines/MetroSupport/UnityEditor.UWP.Extensions.dll
Registered in 0.008769 seconds.
Native extension for UWP target not found
Native extension for WindowsStandalone target not found
Native extension for WebGL target not found
Refreshing native plugins compatible for Editor in 58.85 ms, found 3 plugins.
Preloading 0 native plugins for Editor in 0.00 ms.
Mono: successfully reloaded assembly
- Completed reload, in  0.479 seconds
Domain Reload Profiling:
	ReloadAssembly (480ms)
		BeginReloadAssembly (65ms)
			ExecutionOrderSort (0ms)
			DisableScriptedObjects (0ms)
			BackupInstance (0ms)
			ReleaseScriptingObjects (0ms)
			CreateAndSetChildDomain (1ms)
		EndReloadAssembly (327ms)
			LoadAssemblies (62ms)
			RebuildTransferFunctionScriptingTraits (0ms)
			SetupTypeCache (71ms)
			ReleaseScriptCaches (0ms)
			RebuildScriptCaches (21ms)
			SetupLoadedEditorAssemblies (195ms)
				LogAssemblyErrors (0ms)
				InitializePlatformSupportModulesInManaged (9ms)
				SetLoadedEditorAssemblies (0ms)
				RefreshPlugins (59ms)
				BeforeProcessingInitializeOnLoad (1ms)
				ProcessInitializeOnLoadAttributes (94ms)
				ProcessInitializeOnLoadMethodAttributes (32ms)
				AfterProcessingInitializeOnLoad (0ms)
				EditorAssembliesLoaded (0ms)
			ExecutionOrderSort2 (0ms)
			AwakeInstancesAfterBackupRestoration (0ms)
Platform modules already initialized, skipping
Registering precompiled user dll's ...
Registered in 0.006075 seconds.
Begin MonoManager ReloadAssembly
Symbol file LoadedFromMemory doesn't match image C:\Users\jiwon\Documents\GitHub\Bezier_Curves\Bezier_Curves\Library\PackageCache\com.unity.visualscripting@1.7.8\Editor\VisualScripting.Core\Dependencies\YamlDotNet\Unity.VisualScripting.YamlDotNet.dll
Symbol file LoadedFromMemory doesn't match image C:\Users\jiwon\Documents\GitHub\Bezier_Curves\Bezier_Curves\Library\PackageCache\com.unity.visualscripting@1.7.8\Editor\VisualScripting.Core\Dependencies\DotNetZip\Unity.VisualScripting.IonicZip.dll
Native extension for UWP target not found
Native extension for WindowsStandalone target not found
Native extension for WebGL target not found
Refreshing native plugins compatible for Editor in 0.62 ms, found 3 plugins.
Preloading 0 native plugins for Editor in 0.00 ms.
Mono: successfully reloaded assembly
- Completed reload, in  0.780 seconds
Domain Reload Profiling:
	ReloadAssembly (781ms)
		BeginReloadAssembly (92ms)
			ExecutionOrderSort (0ms)
			DisableScriptedObjects (5ms)
			BackupInstance (0ms)
			ReleaseScriptingObjects (0ms)
			CreateAndSetChildDomain (17ms)
		EndReloadAssembly (603ms)
			LoadAssemblies (74ms)
			RebuildTransferFunctionScriptingTraits (0ms)
			SetupTypeCache (175ms)
			ReleaseScriptCaches (0ms)
			RebuildScriptCaches (38ms)
			SetupLoadedEditorAssemblies (290ms)
				LogAssemblyErrors (0ms)
				InitializePlatformSupportModulesInManaged (9ms)
				SetLoadedEditorAssemblies (0ms)
				RefreshPlugins (1ms)
				BeforeProcessingInitializeOnLoad (75ms)
				ProcessInitializeOnLoadAttributes (175ms)
				ProcessInitializeOnLoadMethodAttributes (22ms)
				AfterProcessingInitializeOnLoad (8ms)
				EditorAssembliesLoaded (0ms)
			ExecutionOrderSort2 (0ms)
			AwakeInstancesAfterBackupRestoration (5ms)
Platform modules already initialized, skipping
========================================================================
Worker process is ready to serve import requests
Launched and connected shader compiler UnityShaderCompiler.exe after 0.05 seconds
Refreshing native plugins compatible for Editor in 0.72 ms, found 3 plugins.
Preloading 0 native plugins for Editor in 0.00 ms.
Unloading 3368 Unused Serialized files (Serialized files now loaded: 0)
Unloading 27 unused Assets / (111.4 KB). Loaded Objects now: 3824.
Memory consumption went from 116.1 MB to 116.0 MB.
Total: 2.757900 ms (FindLiveObjects: 0.243400 ms CreateObjectMapping: 0.073400 ms MarkObjects: 2.366300 ms  DeleteObjects: 0.074400 ms)

AssetImportParameters requested are different than current active one (requested -> active):
  custom:video-decoder-ogg-theora: a1e56fd34408186e4bbccfd4996cb3dc -> 
  custom:container-muxer-webm: aa71ff27fc2769a1b78a27578f13a17b -> 
  custom:container-demuxer-webm: 4f35f7cbe854078d1ac9338744f61a02 -> 
  custom:video-encoder-webm-vp8: eb34c28f22e8b96e1ab97ce403110664 -> 
  custom:audio-encoder-webm-vorbis: bf7c407c2cedff20999df2af8eb42d56 -> 
  custom:framework-win-MediaFoundation: 216162199b28c13a410421893ffa2e32 -> 
  custom:container-demuxer-ogg: 62fdf1f143b41e24485cea50d1cbac27 -> 
  custom:video-decoder-webm-vp8: 9c59270c3fd7afecdb556c50c9e8de78 -> 
  custom:audio-decoder-ogg-vorbis: bf7c407c2cedff20999df2af8eb42d56 -> 
========================================================================
Received Import Request.
  Time since last request: 334025.433231 seconds.
  path: Assets/Amumu/Mummy_Mon/Materials/Mummy_Eye_mat.mat
  artifactKey: Guid(d5295d819f7bab6448e2c64c4707429e) Importer(815301076,1909f56bfc062723c751e8b465ee728b)
Start importing Assets/Amumu/Mummy_Mon/Materials/Mummy_Eye_mat.mat using Guid(d5295d819f7bab6448e2c64c4707429e) Importer(815301076,1909f56bfc062723c751e8b465ee728b)  -> (artifact id: '07ef26263685a7d826c380d2b9b563f9') in 0.164415 seconds 
========================================================================
Received Import Request.
  Time since last request: 131.888334 seconds.
  path: Assets/Kaisa/FBX/AsunaArmor/AsunaArmorEllbowRight.fbx
  artifactKey: Guid(adda6fa7438addb46ac533b26415c08b) Importer(815301076,1909f56bfc062723c751e8b465ee728b)
Start importing Assets/Kaisa/FBX/AsunaArmor/AsunaArmorEllbowRight.fbx using Guid(adda6fa7438addb46ac533b26415c08b) Importer(815301076,1909f56bfc062723c751e8b465ee728b)  -> (artifact id: '573833e9b81c89606051249821890675') in 0.240756 seconds 
========================================================================
Received Import Request.
  Time since last request: 0.000022 seconds.
  path: Assets/Kaisa/FBX/AsunaArmor/AsunaArmorLowerArmLeft.fbx
  artifactKey: Guid(378ce170110d7cf479d280be4982a3f0) Importer(815301076,1909f56bfc062723c751e8b465ee728b)
Start importing Assets/Kaisa/FBX/AsunaArmor/AsunaArmorLowerArmLeft.fbx using Guid(378ce170110d7cf479d280be4982a3f0) Importer(815301076,1909f56bfc062723c751e8b465ee728b)  -> (artifact id: '8d572b275d6550541d4904c8c8a3d2e3') in 0.055460 seconds 
========================================================================
Received Import Request.
  Time since last request: 0.000021 seconds.
  path: Assets/Kaisa/FBX/AsunaArmor/AsunaArmorShoulderLeft.fbx
  artifactKey: Guid(5de8eb2942b1e2c4ca5f4a4edbbc615f) Importer(815301076,1909f56bfc062723c751e8b465ee728b)
Start importing Assets/Kaisa/FBX/AsunaArmor/AsunaArmorShoulderLeft.fbx using Guid(5de8eb2942b1e2c4ca5f4a4edbbc615f) Importer(815301076,1909f56bfc062723c751e8b465ee728b)  -> (artifact id: '93684a5fa2b4c6ee350428a527bfbf5a') in 0.019504 seconds 
========================================================================
Received Import Request.
  Time since last request: 0.000018 seconds.
  path: Assets/Kaisa/FBX/AsunaArmor/AsunaArmorKneeRight.fbx
  artifactKey: Guid(53b2dd4ac409e734f9e23b533f8a01ba) Importer(815301076,1909f56bfc062723c751e8b465ee728b)
Start importing Assets/Kaisa/FBX/AsunaArmor/AsunaArmorKneeRight.fbx using Guid(53b2dd4ac409e734f9e23b533f8a01ba) Importer(815301076,1909f56bfc062723c751e8b465ee728b)  -> (artifact id: 'eb8dc7e4d9256272610d246165887322') in 0.021597 seconds 
========================================================================
Received Import Request.
  Time since last request: 1.665077 seconds.
  path: Assets/Kaisa/FBX/Animations/001Idle.fbx
  artifactKey: Guid(d7a2370cd73c52d4d943e64ade1151ef) Importer(815301076,1909f56bfc062723c751e8b465ee728b)
Start importing Assets/Kaisa/FBX/Animations/001Idle.fbx using Guid(d7a2370cd73c52d4d943e64ade1151ef) Importer(815301076,1909f56bfc062723c751e8b465ee728b)  -> (artifact id: '9345e0e6ad3e4bbdb63592446f37912b') in 0.195270 seconds 
========================================================================
Received Import Request.
  Time since last request: 0.000021 seconds.
  path: Assets/Kaisa/FBX/Animations/005Stealth.fbx
  artifactKey: Guid(07bc71fcfa6d8b346abaa1fbe7e0029a) Importer(815301076,1909f56bfc062723c751e8b465ee728b)
Start importing Assets/Kaisa/FBX/Animations/005Stealth.fbx using Guid(07bc71fcfa6d8b346abaa1fbe7e0029a) Importer(815301076,1909f56bfc062723c751e8b465ee728b)  -> (artifact id: '676ea4e913db85da6ec91e617f28e9fe') in 0.164885 seconds 
========================================================================
Received Import Request.
  Time since last request: 0.002859 seconds.
  path: Assets/Kaisa/FBX/Animations/007Misc.fbx
  artifactKey: Guid(d490d55d5f3cc2b42b07aae22a118ab3) Importer(815301076,1909f56bfc062723c751e8b465ee728b)
Start importing Assets/Kaisa/FBX/Animations/007Misc.fbx using Guid(d490d55d5f3cc2b42b07aae22a118ab3) Importer(815301076,1909f56bfc062723c751e8b465ee728b)  -> (artifact id: '08eac9ba81ef6f91df6a9efd1399e917') in 0.098318 seconds 
========================================================================
Received Import Request.
  Time since last request: 0.000019 seconds.
  path: Assets/Kaisa/FBX/Animations/011Rifle.fbx
  artifactKey: Guid(bab18fc2fd7f9054e8b7e9f076defec1) Importer(815301076,1909f56bfc062723c751e8b465ee728b)
Start importing Assets/Kaisa/FBX/Animations/011Rifle.fbx using Guid(bab18fc2fd7f9054e8b7e9f076defec1) Importer(815301076,1909f56bfc062723c751e8b465ee728b)  -> (artifact id: 'd5388299e429154490499f2ec11bcd29') in 0.111584 seconds 
========================================================================
Received Import Request.
  Time since last request: 4.498047 seconds.
  path: Assets/Kaisa/FBX/CharacterStandardEquipment/ScifiPistolMNL21Magazine.fbx
  artifactKey: Guid(9f4bbc7609224374b89752bbf67605a6) Importer(815301076,1909f56bfc062723c751e8b465ee728b)
Start importing Assets/Kaisa/FBX/CharacterStandardEquipment/ScifiPistolMNL21Magazine.fbx using Guid(9f4bbc7609224374b89752bbf67605a6) Importer(815301076,1909f56bfc062723c751e8b465ee728b)  -> (artifact id: 'ee5f2f07f1ddeed356450cf700edd9bf') in 0.298524 seconds 
========================================================================
Received Import Request.
  Time since last request: 0.000050 seconds.
  path: Assets/Kaisa/FBX/CharacterStandardEquipment/ScifiPistolMNL21MagazineFull.fbx
  artifactKey: Guid(6e223cd85cc8a81409faf7d9a248ad4b) Importer(815301076,1909f56bfc062723c751e8b465ee728b)
Start importing Assets/Kaisa/FBX/CharacterStandardEquipment/ScifiPistolMNL21MagazineFull.fbx using Guid(6e223cd85cc8a81409faf7d9a248ad4b) Importer(815301076,1909f56bfc062723c751e8b465ee728b)  -> (artifact id: '504648ce24d1ca7c971b3d584cf372de') in 0.090396 seconds 
========================================================================
Received Import Request.
  Time since last request: 18.538162 seconds.
  path: Assets/Kaisa/FBX/FreeTestCharacterAsuna/Materials/AsunaHairBlonde.mat
  artifactKey: Guid(57869809923275a45b42fba2faa08e2f) Importer(815301076,1909f56bfc062723c751e8b465ee728b)
Start importing Assets/Kaisa/FBX/FreeTestCharacterAsuna/Materials/AsunaHairBlonde.mat using Guid(57869809923275a45b42fba2faa08e2f) Importer(815301076,1909f56bfc062723c751e8b465ee728b)  -> (artifact id: '53ec28e9fab1eaced7c5eb26e0182bc8') in 0.227834 seconds 
Editor requested this worker to shutdown with reason: Scaling down because of idle timeout
AssetImportWorker is now disconnected from the server
Process exiting
Exiting without the bug reporter. Application will terminate with return code 0